Job start...
2019-01-20 23:11:49.155321: I tensorflow/core/platform/cpu_feature_guard.cc:140] Your CPU supports instructions that this TensorFlow binary was not compiled to use: AVX2 FMA
2019-01-20 23:11:49.241873: I tensorflow/stream_executor/cuda/cuda_gpu_executor.cc:898] successful NUMA node read from SysFS had negative value (-1), but there must be at least one NUMA node, so returning NUMA node zero
2019-01-20 23:11:49.242201: I tensorflow/core/common_runtime/gpu/gpu_device.cc:1356] Found device 0 with properties: 
name: GeForce GTX 1080 Ti major: 6 minor: 1 memoryClockRate(GHz): 1.683
pciBusID: 0000:01:00.0
totalMemory: 10.91GiB freeMemory: 9.68GiB
2019-01-20 23:11:49.242213: I tensorflow/core/common_runtime/gpu/gpu_device.cc:1435] Adding visible gpu devices: 0
2019-01-20 23:11:49.348596: I tensorflow/core/common_runtime/gpu/gpu_device.cc:923] Device interconnect StreamExecutor with strength 1 edge matrix:
2019-01-20 23:11:49.348631: I tensorflow/core/common_runtime/gpu/gpu_device.cc:929]      0 
2019-01-20 23:11:49.348637: I tensorflow/core/common_runtime/gpu/gpu_device.cc:942] 0:   N 
2019-01-20 23:11:49.348769: I tensorflow/core/common_runtime/gpu/gpu_device.cc:1053] Created TensorFlow device (/job:localhost/replica:0/task:0/device:GPU:0 with 9368 MB memory) -> physical GPU (device: 0, name: GeForce GTX 1080 Ti, pci bus id: 0000:01:00.0, compute capability: 6.1)
Train on 10252 samples, validate on 5000 samples
Epoch 1/50
 - 11s - loss: 0.3910 - acc: 0.9030 - val_loss: 0.2767 - val_acc: 0.9270
Epoch 2/50
 - 7s - loss: 0.2432 - acc: 0.9338 - val_loss: 0.1747 - val_acc: 0.9618
Epoch 3/50
 - 7s - loss: 0.2096 - acc: 0.9428 - val_loss: 0.2002 - val_acc: 0.9538
Epoch 4/50
 - 7s - loss: 0.2004 - acc: 0.9461 - val_loss: 0.1851 - val_acc: 0.9544
Epoch 5/50
 - 7s - loss: 0.1746 - acc: 0.9539 - val_loss: 0.1997 - val_acc: 0.9524
Epoch 6/50
 - 7s - loss: 0.1741 - acc: 0.9543 - val_loss: 0.1502 - val_acc: 0.9624
Epoch 7/50
 - 7s - loss: 0.1718 - acc: 0.9541 - val_loss: 0.1510 - val_acc: 0.9612
Epoch 8/50
 - 7s - loss: 0.1704 - acc: 0.9547 - val_loss: 0.1510 - val_acc: 0.9652
Epoch 9/50
 - 7s - loss: 0.1562 - acc: 0.9571 - val_loss: 0.1400 - val_acc: 0.9664
Epoch 10/50
 - 7s - loss: 0.1539 - acc: 0.9599 - val_loss: 0.1892 - val_acc: 0.9564
Epoch 11/50
 - 7s - loss: 0.1452 - acc: 0.9612 - val_loss: 0.1915 - val_acc: 0.9570
Epoch 12/50
 - 7s - loss: 0.1488 - acc: 0.9623 - val_loss: 0.1867 - val_acc: 0.9592
Epoch 13/50
 - 7s - loss: 0.1438 - acc: 0.9625 - val_loss: 0.1401 - val_acc: 0.9702
Epoch 00013: early stopping
Train on 10252 samples, validate on 5000 samples
Epoch 1/50
 - 11s - loss: 0.3750 - acc: 0.9021 - val_loss: 1.0896 - val_acc: 0.8820
Epoch 2/50
 - 7s - loss: 0.2373 - acc: 0.9344 - val_loss: 0.2456 - val_acc: 0.9342
Epoch 3/50
 - 7s - loss: 0.2067 - acc: 0.9447 - val_loss: 0.1634 - val_acc: 0.9602
Epoch 4/50
 - 7s - loss: 0.1888 - acc: 0.9481 - val_loss: 0.7492 - val_acc: 0.8958
Epoch 5/50
 - 7s - loss: 0.1774 - acc: 0.9510 - val_loss: 0.1933 - val_acc: 0.9536
Epoch 6/50
 - 7s - loss: 0.1766 - acc: 0.9546 - val_loss: 0.1516 - val_acc: 0.9658
Epoch 7/50
 - 7s - loss: 0.1672 - acc: 0.9563 - val_loss: 0.1851 - val_acc: 0.9508
Epoch 8/50
 - 7s - loss: 0.1610 - acc: 0.9581 - val_loss: 0.1489 - val_acc: 0.9636
Epoch 9/50
 - 7s - loss: 0.1609 - acc: 0.9570 - val_loss: 0.1413 - val_acc: 0.9628
Epoch 10/50
 - 7s - loss: 0.1543 - acc: 0.9598 - val_loss: 0.1438 - val_acc: 0.9668
Epoch 11/50
 - 7s - loss: 0.1454 - acc: 0.9636 - val_loss: 0.1587 - val_acc: 0.9568
Epoch 12/50
 - 7s - loss: 0.1467 - acc: 0.9628 - val_loss: 0.1397 - val_acc: 0.9658
Epoch 13/50
 - 7s - loss: 0.1458 - acc: 0.9628 - val_loss: 0.2320 - val_acc: 0.9392
Epoch 00013: early stopping
Train on 10252 samples, validate on 5000 samples
Epoch 1/50
 - 11s - loss: 0.3685 - acc: 0.9042 - val_loss: 0.1972 - val_acc: 0.9490
Epoch 2/50
 - 7s - loss: 0.2334 - acc: 0.9377 - val_loss: 0.1825 - val_acc: 0.9586
Epoch 3/50
 - 7s - loss: 0.2006 - acc: 0.9459 - val_loss: 0.1872 - val_acc: 0.9620
Epoch 4/50
 - 7s - loss: 0.1866 - acc: 0.9500 - val_loss: 0.1459 - val_acc: 0.9654
Epoch 5/50
 - 7s - loss: 0.1807 - acc: 0.9513 - val_loss: 0.1470 - val_acc: 0.9690
Epoch 6/50
 - 7s - loss: 0.1725 - acc: 0.9552 - val_loss: 0.1927 - val_acc: 0.9600
Epoch 7/50
 - 7s - loss: 0.1599 - acc: 0.9597 - val_loss: 0.1526 - val_acc: 0.9660
Epoch 8/50
 - 7s - loss: 0.1569 - acc: 0.9602 - val_loss: 0.1698 - val_acc: 0.9564
Epoch 00008: early stopping
Train on 10252 samples, validate on 5000 samples
Epoch 1/50
 - 12s - loss: 0.3837 - acc: 0.8987 - val_loss: 0.2157 - val_acc: 0.9544
Epoch 2/50
 - 7s - loss: 0.2285 - acc: 0.9376 - val_loss: 0.2566 - val_acc: 0.9422
Epoch 3/50
 - 7s - loss: 0.2044 - acc: 0.9461 - val_loss: 0.1652 - val_acc: 0.9638
Epoch 4/50
 - 7s - loss: 0.1809 - acc: 0.9534 - val_loss: 0.1278 - val_acc: 0.9704
Epoch 5/50
 - 7s - loss: 0.1749 - acc: 0.9541 - val_loss: 0.1420 - val_acc: 0.9674
Epoch 6/50
 - 7s - loss: 0.1682 - acc: 0.9563 - val_loss: 0.1552 - val_acc: 0.9656
Epoch 7/50
 - 7s - loss: 0.1600 - acc: 0.9596 - val_loss: 0.1324 - val_acc: 0.9658
Epoch 8/50
 - 7s - loss: 0.1587 - acc: 0.9585 - val_loss: 0.2779 - val_acc: 0.8954
Epoch 00008: early stopping
Train on 10252 samples, validate on 5000 samples
Epoch 1/50
 - 12s - loss: 0.3784 - acc: 0.9036 - val_loss: 0.2244 - val_acc: 0.9502
Epoch 2/50
 - 6s - loss: 0.2451 - acc: 0.9352 - val_loss: 0.2116 - val_acc: 0.9448
Epoch 3/50
 - 6s - loss: 0.2208 - acc: 0.9408 - val_loss: 0.1464 - val_acc: 0.9652
Epoch 4/50
 - 6s - loss: 0.1976 - acc: 0.9473 - val_loss: 0.1513 - val_acc: 0.9652
Epoch 5/50
 - 6s - loss: 0.1924 - acc: 0.9490 - val_loss: 0.1768 - val_acc: 0.9502
Epoch 6/50
 - 6s - loss: 0.1768 - acc: 0.9527 - val_loss: 0.1496 - val_acc: 0.9622
Epoch 7/50
 - 6s - loss: 0.1739 - acc: 0.9545 - val_loss: 0.1462 - val_acc: 0.9650
Epoch 00007: early stopping
Train on 10252 samples, validate on 5000 samples
Epoch 1/50
 - 12s - loss: 0.3973 - acc: 0.8988 - val_loss: 0.2010 - val_acc: 0.9528
Epoch 2/50
 - 6s - loss: 0.2311 - acc: 0.9361 - val_loss: 0.1822 - val_acc: 0.9546
Epoch 3/50
 - 6s - loss: 0.2086 - acc: 0.9433 - val_loss: 0.1740 - val_acc: 0.9582
Epoch 4/50
 - 6s - loss: 0.1929 - acc: 0.9472 - val_loss: 0.1457 - val_acc: 0.9688
Epoch 5/50
 - 6s - loss: 0.1739 - acc: 0.9542 - val_loss: 0.1748 - val_acc: 0.9602
Epoch 6/50
 - 6s - loss: 0.1752 - acc: 0.9527 - val_loss: 0.1785 - val_acc: 0.9594
Epoch 7/50
 - 6s - loss: 0.1623 - acc: 0.9584 - val_loss: 0.1537 - val_acc: 0.9638
Epoch 8/50
 - 6s - loss: 0.1620 - acc: 0.9552 - val_loss: 0.1654 - val_acc: 0.9574
Epoch 00008: early stopping
Train on 10252 samples, validate on 5000 samples
Epoch 1/50
 - 12s - loss: 0.3747 - acc: 0.9024 - val_loss: 0.1916 - val_acc: 0.9560
Epoch 2/50
 - 6s - loss: 0.2352 - acc: 0.9333 - val_loss: 0.2280 - val_acc: 0.9476
Epoch 3/50
 - 7s - loss: 0.2080 - acc: 0.9422 - val_loss: 0.1734 - val_acc: 0.9594
Epoch 4/50
 - 6s - loss: 0.1840 - acc: 0.9518 - val_loss: 0.1620 - val_acc: 0.9648
Epoch 5/50
 - 6s - loss: 0.1812 - acc: 0.9521 - val_loss: 0.1486 - val_acc: 0.9626
Epoch 6/50
 - 6s - loss: 0.1641 - acc: 0.9578 - val_loss: 0.1551 - val_acc: 0.9666
Epoch 7/50
 - 7s - loss: 0.1536 - acc: 0.9618 - val_loss: 0.1430 - val_acc: 0.9630
Epoch 8/50
 - 6s - loss: 0.1586 - acc: 0.9584 - val_loss: 0.1437 - val_acc: 0.9652
Epoch 9/50
 - 6s - loss: 0.1531 - acc: 0.9614 - val_loss: 0.1382 - val_acc: 0.9654
Epoch 10/50
 - 7s - loss: 0.1493 - acc: 0.9619 - val_loss: 0.1506 - val_acc: 0.9682
Epoch 11/50
 - 6s - loss: 0.1446 - acc: 0.9635 - val_loss: 0.1347 - val_acc: 0.9722
Epoch 12/50
 - 6s - loss: 0.1401 - acc: 0.9646 - val_loss: 0.1307 - val_acc: 0.9702
Epoch 13/50
 - 6s - loss: 0.1389 - acc: 0.9646 - val_loss: 0.1452 - val_acc: 0.9678
Epoch 14/50
 - 6s - loss: 0.1378 - acc: 0.9648 - val_loss: 0.1322 - val_acc: 0.9696
Epoch 15/50
 - 6s - loss: 0.1377 - acc: 0.9646 - val_loss: 0.1360 - val_acc: 0.9676
Epoch 16/50
 - 6s - loss: 0.1341 - acc: 0.9663 - val_loss: 0.1287 - val_acc: 0.9690
Epoch 00016: early stopping
Train on 10252 samples, validate on 5000 samples
Epoch 1/50
 - 13s - loss: 0.3801 - acc: 0.9007 - val_loss: 0.2928 - val_acc: 0.9478
Epoch 2/50
 - 7s - loss: 0.2359 - acc: 0.9379 - val_loss: 0.2047 - val_acc: 0.9620
Epoch 3/50
 - 7s - loss: 0.2114 - acc: 0.9427 - val_loss: 0.1499 - val_acc: 0.9634
Epoch 4/50
 - 7s - loss: 0.1913 - acc: 0.9481 - val_loss: 0.1571 - val_acc: 0.9628
Epoch 5/50
 - 7s - loss: 0.1720 - acc: 0.9546 - val_loss: 0.2208 - val_acc: 0.9320
Epoch 6/50
 - 7s - loss: 0.1641 - acc: 0.9582 - val_loss: 0.2056 - val_acc: 0.9538
Epoch 7/50
 - 7s - loss: 0.1665 - acc: 0.9579 - val_loss: 0.1997 - val_acc: 0.9606
Epoch 00007: early stopping
Train on 10252 samples, validate on 5000 samples
Epoch 1/50
 - 13s - loss: 0.3737 - acc: 0.9057 - val_loss: 0.1855 - val_acc: 0.9558
Epoch 2/50
 - 7s - loss: 0.2314 - acc: 0.9399 - val_loss: 0.1794 - val_acc: 0.9590
Epoch 3/50
 - 7s - loss: 0.2000 - acc: 0.9460 - val_loss: 0.1837 - val_acc: 0.9548
Epoch 4/50
 - 7s - loss: 0.1880 - acc: 0.9505 - val_loss: 0.2117 - val_acc: 0.9506
Epoch 5/50
 - 7s - loss: 0.1905 - acc: 0.9499 - val_loss: 0.1733 - val_acc: 0.9658
Epoch 6/50
 - 7s - loss: 0.1742 - acc: 0.9531 - val_loss: 0.1914 - val_acc: 0.9534
Epoch 7/50
 - 7s - loss: 0.1663 - acc: 0.9556 - val_loss: 0.1836 - val_acc: 0.9570
Epoch 8/50
 - 7s - loss: 0.1529 - acc: 0.9610 - val_loss: 0.1759 - val_acc: 0.9544
Epoch 9/50
 - 7s - loss: 0.1507 - acc: 0.9623 - val_loss: 0.1345 - val_acc: 0.9686
Epoch 10/50
 - 7s - loss: 0.1452 - acc: 0.9629 - val_loss: 0.1393 - val_acc: 0.9700
Epoch 11/50
 - 7s - loss: 0.1434 - acc: 0.9624 - val_loss: 0.1490 - val_acc: 0.9596
Epoch 12/50
 - 7s - loss: 0.1430 - acc: 0.9645 - val_loss: 0.1810 - val_acc: 0.9558
Epoch 13/50
 - 7s - loss: 0.1393 - acc: 0.9639 - val_loss: 0.1568 - val_acc: 0.9680
Epoch 00013: early stopping
Train on 10252 samples, validate on 5000 samples
Epoch 1/50
 - 14s - loss: 0.3870 - acc: 0.8974 - val_loss: 0.1989 - val_acc: 0.9564
Epoch 2/50
 - 7s - loss: 0.2448 - acc: 0.9342 - val_loss: 0.1767 - val_acc: 0.9596
Epoch 3/50
 - 7s - loss: 0.2100 - acc: 0.9424 - val_loss: 0.2393 - val_acc: 0.9416
Epoch 4/50
 - 7s - loss: 0.1846 - acc: 0.9511 - val_loss: 0.1415 - val_acc: 0.9690
Epoch 5/50
 - 7s - loss: 0.1808 - acc: 0.9516 - val_loss: 0.1493 - val_acc: 0.9578
Epoch 6/50
 - 7s - loss: 0.1694 - acc: 0.9552 - val_loss: 0.1418 - val_acc: 0.9652
Epoch 7/50
 - 7s - loss: 0.1608 - acc: 0.9586 - val_loss: 0.4700 - val_acc: 0.8504
Epoch 8/50
 - 7s - loss: 0.1603 - acc: 0.9578 - val_loss: 0.1296 - val_acc: 0.9700
Epoch 9/50
 - 7s - loss: 0.1563 - acc: 0.9586 - val_loss: 0.3660 - val_acc: 0.9436
Epoch 10/50
 - 7s - loss: 0.1454 - acc: 0.9629 - val_loss: 0.1750 - val_acc: 0.9590
Epoch 11/50
 - 7s - loss: 0.1379 - acc: 0.9643 - val_loss: 0.1609 - val_acc: 0.9554
Epoch 12/50
 - 7s - loss: 0.1352 - acc: 0.9667 - val_loss: 0.1657 - val_acc: 0.9574
Epoch 00012: early stopping
Train on 10252 samples, validate on 5000 samples
Epoch 1/50
 - 14s - loss: 0.3751 - acc: 0.9023 - val_loss: 0.2088 - val_acc: 0.9482
Epoch 2/50
 - 7s - loss: 0.2449 - acc: 0.9309 - val_loss: 0.1887 - val_acc: 0.9578
Epoch 3/50
 - 7s - loss: 0.2137 - acc: 0.9394 - val_loss: 0.1877 - val_acc: 0.9586
Epoch 4/50
 - 7s - loss: 0.1915 - acc: 0.9491 - val_loss: 0.1713 - val_acc: 0.9644
Epoch 5/50
 - 7s - loss: 0.1821 - acc: 0.9514 - val_loss: 0.1815 - val_acc: 0.9574
Epoch 6/50
 - 7s - loss: 0.1774 - acc: 0.9544 - val_loss: 0.1811 - val_acc: 0.9618
Epoch 7/50
 - 7s - loss: 0.1596 - acc: 0.9587 - val_loss: 0.1395 - val_acc: 0.9692
Epoch 8/50
 - 7s - loss: 0.1541 - acc: 0.9602 - val_loss: 0.1680 - val_acc: 0.9566
Epoch 9/50
 - 7s - loss: 0.1470 - acc: 0.9632 - val_loss: 0.1611 - val_acc: 0.9646
Epoch 10/50
 - 7s - loss: 0.1448 - acc: 0.9637 - val_loss: 0.1497 - val_acc: 0.9688
Epoch 11/50
 - 7s - loss: 0.1359 - acc: 0.9651 - val_loss: 0.1671 - val_acc: 0.9594
Epoch 00011: early stopping
Train on 10252 samples, validate on 5000 samples
Epoch 1/50
 - 15s - loss: 0.3901 - acc: 0.8944 - val_loss: 0.2461 - val_acc: 0.9526
Epoch 2/50
 - 7s - loss: 0.2427 - acc: 0.9339 - val_loss: 0.1975 - val_acc: 0.9524
Epoch 3/50
 - 7s - loss: 0.2062 - acc: 0.9424 - val_loss: 0.1728 - val_acc: 0.9528
Epoch 4/50
 - 7s - loss: 0.1859 - acc: 0.9519 - val_loss: 0.1450 - val_acc: 0.9662
Epoch 5/50
 - 7s - loss: 0.1800 - acc: 0.9531 - val_loss: 0.1546 - val_acc: 0.9612
Epoch 6/50
 - 7s - loss: 0.1695 - acc: 0.9578 - val_loss: 0.1656 - val_acc: 0.9652
Epoch 7/50
 - 7s - loss: 0.1597 - acc: 0.9565 - val_loss: 0.1370 - val_acc: 0.9666
Epoch 8/50
 - 7s - loss: 0.1579 - acc: 0.9577 - val_loss: 0.1329 - val_acc: 0.9694
Epoch 9/50
 - 7s - loss: 0.1482 - acc: 0.9636 - val_loss: 0.1409 - val_acc: 0.9682
Epoch 10/50
 - 7s - loss: 0.1486 - acc: 0.9612 - val_loss: 0.1319 - val_acc: 0.9672
Epoch 11/50
 - 7s - loss: 0.1450 - acc: 0.9634 - val_loss: 0.1290 - val_acc: 0.9734
Epoch 12/50
 - 7s - loss: 0.1445 - acc: 0.9624 - val_loss: 0.1364 - val_acc: 0.9662
Epoch 13/50
 - 7s - loss: 0.1504 - acc: 0.9610 - val_loss: 0.1629 - val_acc: 0.9552
Epoch 14/50
 - 7s - loss: 0.1415 - acc: 0.9642 - val_loss: 0.1416 - val_acc: 0.9628
Epoch 00014: early stopping
Train on 10252 samples, validate on 5000 samples
Epoch 1/50
 - 15s - loss: 0.3777 - acc: 0.8958 - val_loss: 0.3839 - val_acc: 0.9342
Epoch 2/50
 - 7s - loss: 0.2371 - acc: 0.9370 - val_loss: 0.1556 - val_acc: 0.9674
Epoch 3/50
 - 7s - loss: 0.2017 - acc: 0.9492 - val_loss: 0.1697 - val_acc: 0.9652
Epoch 4/50
 - 7s - loss: 0.1897 - acc: 0.9506 - val_loss: 0.1794 - val_acc: 0.9574
Epoch 5/50
 - 7s - loss: 0.1751 - acc: 0.9547 - val_loss: 0.1725 - val_acc: 0.9634
Epoch 6/50
 - 7s - loss: 0.1676 - acc: 0.9568 - val_loss: 0.1600 - val_acc: 0.9590
Epoch 00006: early stopping
Train on 10252 samples, validate on 5000 samples
Epoch 1/50
 - 16s - loss: 0.3929 - acc: 0.8948 - val_loss: 0.2115 - val_acc: 0.9506
Epoch 2/50
 - 7s - loss: 0.2355 - acc: 0.9370 - val_loss: 0.1970 - val_acc: 0.9570
Epoch 3/50
 - 7s - loss: 0.2087 - acc: 0.9422 - val_loss: 0.2071 - val_acc: 0.9602
Epoch 4/50
 - 7s - loss: 0.1964 - acc: 0.9486 - val_loss: 0.2074 - val_acc: 0.9618
Epoch 5/50
 - 7s - loss: 0.1848 - acc: 0.9509 - val_loss: 0.1713 - val_acc: 0.9592
Epoch 6/50
 - 7s - loss: 0.1695 - acc: 0.9570 - val_loss: 0.1874 - val_acc: 0.9482
Epoch 7/50
 - 7s - loss: 0.1626 - acc: 0.9585 - val_loss: 0.1524 - val_acc: 0.9654
Epoch 8/50
 - 7s - loss: 0.1566 - acc: 0.9610 - val_loss: 0.1476 - val_acc: 0.9594
Epoch 9/50
 - 7s - loss: 0.1502 - acc: 0.9642 - val_loss: 0.1378 - val_acc: 0.9654
Epoch 10/50
 - 7s - loss: 0.1515 - acc: 0.9647 - val_loss: 0.1665 - val_acc: 0.9670
Epoch 11/50
 - 7s - loss: 0.1484 - acc: 0.9634 - val_loss: 0.1585 - val_acc: 0.9684
Epoch 12/50
 - 7s - loss: 0.1434 - acc: 0.9649 - val_loss: 0.1518 - val_acc: 0.9682
Epoch 13/50
 - 7s - loss: 0.1375 - acc: 0.9649 - val_loss: 0.1314 - val_acc: 0.9712
Epoch 14/50
 - 7s - loss: 0.1370 - acc: 0.9666 - val_loss: 0.1333 - val_acc: 0.9718
Epoch 15/50
 - 7s - loss: 0.1378 - acc: 0.9628 - val_loss: 0.1735 - val_acc: 0.9620
Epoch 16/50
 - 7s - loss: 0.1356 - acc: 0.9648 - val_loss: 0.1326 - val_acc: 0.9704
Epoch 17/50
 - 7s - loss: 0.1330 - acc: 0.9657 - val_loss: 0.1477 - val_acc: 0.9672
Epoch 00017: early stopping
Train on 10252 samples, validate on 5000 samples
Epoch 1/50
 - 16s - loss: 0.3877 - acc: 0.8976 - val_loss: 0.4185 - val_acc: 0.9268
Epoch 2/50
 - 7s - loss: 0.2532 - acc: 0.9283 - val_loss: 0.2542 - val_acc: 0.9452
Epoch 3/50
 - 7s - loss: 0.2273 - acc: 0.9363 - val_loss: 0.2156 - val_acc: 0.9574
Epoch 4/50
 - 7s - loss: 0.2032 - acc: 0.9453 - val_loss: 0.1872 - val_acc: 0.9496
Epoch 5/50
 - 7s - loss: 0.1898 - acc: 0.9499 - val_loss: 0.1676 - val_acc: 0.9634
Epoch 6/50
 - 7s - loss: 0.1862 - acc: 0.9503 - val_loss: 0.1763 - val_acc: 0.9562
Epoch 7/50
 - 7s - loss: 0.1738 - acc: 0.9544 - val_loss: 0.1929 - val_acc: 0.9488
Epoch 8/50
 - 7s - loss: 0.1690 - acc: 0.9563 - val_loss: 0.1808 - val_acc: 0.9570
Epoch 9/50
 - 7s - loss: 0.1641 - acc: 0.9571 - val_loss: 0.1551 - val_acc: 0.9576
Epoch 10/50
 - 7s - loss: 0.1549 - acc: 0.9610 - val_loss: 0.2083 - val_acc: 0.9486
Epoch 11/50
 - 7s - loss: 0.1567 - acc: 0.9596 - val_loss: 0.1497 - val_acc: 0.9596
Epoch 12/50
 - 7s - loss: 0.1511 - acc: 0.9628 - val_loss: 0.1600 - val_acc: 0.9534
Epoch 13/50
 - 7s - loss: 0.1504 - acc: 0.9629 - val_loss: 0.1429 - val_acc: 0.9682
Epoch 14/50
 - 7s - loss: 0.1395 - acc: 0.9646 - val_loss: 0.3200 - val_acc: 0.9336
Epoch 15/50
 - 7s - loss: 0.1400 - acc: 0.9632 - val_loss: 0.1493 - val_acc: 0.9624
Epoch 16/50
 - 7s - loss: 0.1395 - acc: 0.9664 - val_loss: 0.1569 - val_acc: 0.9644
Epoch 17/50
 - 7s - loss: 0.1371 - acc: 0.9663 - val_loss: 0.1524 - val_acc: 0.9608
Epoch 00017: early stopping
Train on 10252 samples, validate on 5000 samples
Epoch 1/50
 - 17s - loss: 0.3808 - acc: 0.9032 - val_loss: 0.1983 - val_acc: 0.9528
Epoch 2/50
 - 7s - loss: 0.2353 - acc: 0.9353 - val_loss: 0.1943 - val_acc: 0.9570
Epoch 3/50
 - 7s - loss: 0.2105 - acc: 0.9429 - val_loss: 0.2492 - val_acc: 0.9518
Epoch 4/50
 - 7s - loss: 0.1915 - acc: 0.9502 - val_loss: 0.1622 - val_acc: 0.9628
Epoch 5/50
 - 7s - loss: 0.1771 - acc: 0.9534 - val_loss: 0.2545 - val_acc: 0.9452
Epoch 6/50
 - 7s - loss: 0.1629 - acc: 0.9574 - val_loss: 0.1428 - val_acc: 0.9690
Epoch 7/50
 - 7s - loss: 0.1645 - acc: 0.9582 - val_loss: 0.1550 - val_acc: 0.9652
Epoch 8/50
 - 7s - loss: 0.1570 - acc: 0.9605 - val_loss: 0.1352 - val_acc: 0.9704
Epoch 9/50
 - 7s - loss: 0.1504 - acc: 0.9608 - val_loss: 0.1342 - val_acc: 0.9706
Epoch 10/50
 - 7s - loss: 0.1527 - acc: 0.9620 - val_loss: 0.1570 - val_acc: 0.9610
Epoch 11/50
 - 7s - loss: 0.1438 - acc: 0.9627 - val_loss: 0.1386 - val_acc: 0.9620
Epoch 12/50
 - 7s - loss: 0.1467 - acc: 0.9613 - val_loss: 0.1520 - val_acc: 0.9630
Epoch 00012: early stopping
Train on 10252 samples, validate on 5000 samples
Epoch 1/50
 - 17s - loss: 0.3826 - acc: 0.8971 - val_loss: 0.2700 - val_acc: 0.9392
Epoch 2/50
 - 7s - loss: 0.2371 - acc: 0.9341 - val_loss: 0.2283 - val_acc: 0.9526
Epoch 3/50
 - 7s - loss: 0.2083 - acc: 0.9437 - val_loss: 0.1685 - val_acc: 0.9632
Epoch 4/50
 - 7s - loss: 0.1846 - acc: 0.9478 - val_loss: 0.1877 - val_acc: 0.9602
Epoch 5/50
 - 7s - loss: 0.1830 - acc: 0.9508 - val_loss: 0.1823 - val_acc: 0.9526
Epoch 6/50
 - 7s - loss: 0.1748 - acc: 0.9527 - val_loss: 0.1538 - val_acc: 0.9660
Epoch 7/50
 - 7s - loss: 0.1662 - acc: 0.9562 - val_loss: 0.2377 - val_acc: 0.9400
Epoch 8/50
 - 7s - loss: 0.1625 - acc: 0.9577 - val_loss: 0.1674 - val_acc: 0.9590
Epoch 9/50
 - 7s - loss: 0.1541 - acc: 0.9584 - val_loss: 0.1420 - val_acc: 0.9654
Epoch 10/50
 - 7s - loss: 0.1586 - acc: 0.9579 - val_loss: 0.1319 - val_acc: 0.9694
Epoch 11/50
 - 7s - loss: 0.1448 - acc: 0.9599 - val_loss: 0.1761 - val_acc: 0.9504
Epoch 12/50
 - 7s - loss: 0.1439 - acc: 0.9647 - val_loss: 0.1229 - val_acc: 0.9710
Epoch 13/50
 - 7s - loss: 0.1410 - acc: 0.9638 - val_loss: 0.1408 - val_acc: 0.9652
Epoch 14/50
 - 7s - loss: 0.1351 - acc: 0.9649 - val_loss: 0.1534 - val_acc: 0.9532
Epoch 15/50
 - 7s - loss: 0.1344 - acc: 0.9659 - val_loss: 0.1332 - val_acc: 0.9682
Epoch 16/50
 - 7s - loss: 0.1348 - acc: 0.9663 - val_loss: 0.1152 - val_acc: 0.9720
Epoch 17/50
 - 7s - loss: 0.1303 - acc: 0.9671 - val_loss: 0.1289 - val_acc: 0.9714
Epoch 18/50
 - 7s - loss: 0.1289 - acc: 0.9668 - val_loss: 0.1860 - val_acc: 0.9548
Epoch 19/50
 - 7s - loss: 0.1312 - acc: 0.9659 - val_loss: 0.1377 - val_acc: 0.9742
Epoch 20/50
 - 7s - loss: 0.1211 - acc: 0.9700 - val_loss: 0.1538 - val_acc: 0.9626
Epoch 00020: early stopping
Train on 10252 samples, validate on 5000 samples
Epoch 1/50
 - 18s - loss: 0.3735 - acc: 0.9082 - val_loss: 0.1930 - val_acc: 0.9588
Epoch 2/50
 - 7s - loss: 0.2338 - acc: 0.9352 - val_loss: 0.1783 - val_acc: 0.9586
Epoch 3/50
 - 7s - loss: 0.2052 - acc: 0.9435 - val_loss: 0.1768 - val_acc: 0.9612
Epoch 4/50
 - 7s - loss: 0.1952 - acc: 0.9485 - val_loss: 0.1736 - val_acc: 0.9608
Epoch 5/50
 - 7s - loss: 0.1838 - acc: 0.9496 - val_loss: 0.1853 - val_acc: 0.9666
Epoch 6/50
 - 7s - loss: 0.1782 - acc: 0.9535 - val_loss: 0.1510 - val_acc: 0.9642
Epoch 7/50
 - 7s - loss: 0.1636 - acc: 0.9554 - val_loss: 0.2029 - val_acc: 0.9560
Epoch 8/50
 - 7s - loss: 0.1592 - acc: 0.9579 - val_loss: 0.1519 - val_acc: 0.9626
Epoch 9/50
 - 7s - loss: 0.1528 - acc: 0.9592 - val_loss: 0.3074 - val_acc: 0.9550
Epoch 10/50
 - 7s - loss: 0.1520 - acc: 0.9609 - val_loss: 0.1534 - val_acc: 0.9628
Epoch 00010: early stopping
Train on 10252 samples, validate on 5000 samples
Epoch 1/50
 - 18s - loss: 0.3816 - acc: 0.8998 - val_loss: 0.2589 - val_acc: 0.9450
Epoch 2/50
 - 7s - loss: 0.2425 - acc: 0.9335 - val_loss: 0.2484 - val_acc: 0.9506
Epoch 3/50
 - 7s - loss: 0.2149 - acc: 0.9413 - val_loss: 0.1789 - val_acc: 0.9656
Epoch 4/50
 - 7s - loss: 0.1931 - acc: 0.9494 - val_loss: 0.1526 - val_acc: 0.9616
Epoch 5/50
 - 7s - loss: 0.1776 - acc: 0.9543 - val_loss: 0.2328 - val_acc: 0.9394
Epoch 6/50
 - 7s - loss: 0.1808 - acc: 0.9510 - val_loss: 0.1356 - val_acc: 0.9674
Epoch 7/50
 - 7s - loss: 0.1718 - acc: 0.9563 - val_loss: 0.1300 - val_acc: 0.9706
Epoch 8/50
 - 7s - loss: 0.1646 - acc: 0.9577 - val_loss: 0.1379 - val_acc: 0.9694
Epoch 9/50
 - 7s - loss: 0.1492 - acc: 0.9622 - val_loss: 0.1784 - val_acc: 0.9562
Epoch 10/50
 - 7s - loss: 0.1472 - acc: 0.9617 - val_loss: 0.1519 - val_acc: 0.9666
Epoch 11/50
 - 7s - loss: 0.1467 - acc: 0.9619 - val_loss: 0.2361 - val_acc: 0.9382
Epoch 00011: early stopping
Train on 10252 samples, validate on 5000 samples
Epoch 1/50
 - 19s - loss: 0.3692 - acc: 0.9052 - val_loss: 0.2515 - val_acc: 0.9510
Epoch 2/50
 - 7s - loss: 0.2158 - acc: 0.9413 - val_loss: 0.1714 - val_acc: 0.9586
Epoch 3/50
 - 7s - loss: 0.1944 - acc: 0.9484 - val_loss: 0.4432 - val_acc: 0.9422
Epoch 4/50
 - 7s - loss: 0.1848 - acc: 0.9523 - val_loss: 0.5715 - val_acc: 0.8984
Epoch 5/50
 - 7s - loss: 0.1710 - acc: 0.9544 - val_loss: 0.1817 - val_acc: 0.9556
Epoch 6/50
 - 7s - loss: 0.1638 - acc: 0.9582 - val_loss: 0.1939 - val_acc: 0.9552
Epoch 00006: early stopping
Train on 10252 samples, validate on 5000 samples
Epoch 1/50
 - 19s - loss: 0.3714 - acc: 0.9073 - val_loss: 0.2359 - val_acc: 0.9522
Epoch 2/50
 - 7s - loss: 0.2226 - acc: 0.9396 - val_loss: 0.1689 - val_acc: 0.9606
Epoch 3/50
 - 7s - loss: 0.2023 - acc: 0.9454 - val_loss: 0.1807 - val_acc: 0.9584
Epoch 4/50
 - 7s - loss: 0.1797 - acc: 0.9522 - val_loss: 0.2108 - val_acc: 0.9504
Epoch 5/50
 - 7s - loss: 0.1706 - acc: 0.9552 - val_loss: 0.1458 - val_acc: 0.9656
Epoch 6/50
 - 7s - loss: 0.1638 - acc: 0.9569 - val_loss: 0.1433 - val_acc: 0.9664
Epoch 7/50
 - 7s - loss: 0.1631 - acc: 0.9566 - val_loss: 0.1740 - val_acc: 0.9640
Epoch 8/50
 - 7s - loss: 0.1501 - acc: 0.9612 - val_loss: 0.1973 - val_acc: 0.9524
Epoch 9/50
 - 7s - loss: 0.1424 - acc: 0.9635 - val_loss: 0.1463 - val_acc: 0.9660
Epoch 00009: early stopping
Train on 10252 samples, validate on 5000 samples
Epoch 1/50
 - 20s - loss: 0.3690 - acc: 0.9083 - val_loss: 0.2554 - val_acc: 0.9466
Epoch 2/50
 - 7s - loss: 0.2355 - acc: 0.9343 - val_loss: 0.1998 - val_acc: 0.9478
Epoch 3/50
 - 7s - loss: 0.2055 - acc: 0.9436 - val_loss: 0.2919 - val_acc: 0.9462
Epoch 4/50
 - 7s - loss: 0.1970 - acc: 0.9445 - val_loss: 0.1702 - val_acc: 0.9574
Epoch 5/50
 - 7s - loss: 0.1816 - acc: 0.9511 - val_loss: 0.2007 - val_acc: 0.9508
Epoch 6/50
 - 7s - loss: 0.1773 - acc: 0.9531 - val_loss: 0.1579 - val_acc: 0.9650
Epoch 7/50
 - 7s - loss: 0.1724 - acc: 0.9561 - val_loss: 0.3600 - val_acc: 0.9430
Epoch 8/50
 - 7s - loss: 0.1679 - acc: 0.9554 - val_loss: 0.1334 - val_acc: 0.9708
Epoch 9/50
 - 7s - loss: 0.1620 - acc: 0.9606 - val_loss: 0.1415 - val_acc: 0.9692
Epoch 10/50
 - 7s - loss: 0.1594 - acc: 0.9593 - val_loss: 0.1480 - val_acc: 0.9666
Epoch 11/50
 - 7s - loss: 0.1538 - acc: 0.9627 - val_loss: 0.1417 - val_acc: 0.9672
Epoch 12/50
 - 7s - loss: 0.1542 - acc: 0.9604 - val_loss: 0.1430 - val_acc: 0.9684
Epoch 00012: early stopping
Train on 10252 samples, validate on 5000 samples
Epoch 1/50
 - 20s - loss: 0.3678 - acc: 0.9047 - val_loss: 0.2538 - val_acc: 0.9330
Epoch 2/50
 - 7s - loss: 0.2276 - acc: 0.9382 - val_loss: 0.1552 - val_acc: 0.9648
Epoch 3/50
 - 7s - loss: 0.2002 - acc: 0.9458 - val_loss: 0.1488 - val_acc: 0.9638
Epoch 4/50
 - 7s - loss: 0.1767 - acc: 0.9533 - val_loss: 0.1432 - val_acc: 0.9690
Epoch 5/50
 - 7s - loss: 0.1757 - acc: 0.9513 - val_loss: 0.1497 - val_acc: 0.9652
Epoch 6/50
 - 7s - loss: 0.1554 - acc: 0.9582 - val_loss: 0.1446 - val_acc: 0.9652
Epoch 00006: early stopping
Train on 10252 samples, validate on 5000 samples
Epoch 1/50
 - 21s - loss: 0.3914 - acc: 0.8994 - val_loss: 0.2528 - val_acc: 0.9480
Epoch 2/50
 - 7s - loss: 0.2395 - acc: 0.9352 - val_loss: 0.1748 - val_acc: 0.9560
Epoch 3/50
 - 7s - loss: 0.2131 - acc: 0.9435 - val_loss: 0.1654 - val_acc: 0.9580
Epoch 4/50
 - 7s - loss: 0.2048 - acc: 0.9446 - val_loss: 0.1710 - val_acc: 0.9654
Epoch 5/50
 - 7s - loss: 0.1868 - acc: 0.9509 - val_loss: 0.1826 - val_acc: 0.9556
Epoch 6/50
 - 7s - loss: 0.1813 - acc: 0.9532 - val_loss: 0.1394 - val_acc: 0.9638
Epoch 7/50
 - 7s - loss: 0.1654 - acc: 0.9548 - val_loss: 0.1331 - val_acc: 0.9698
Epoch 8/50
 - 7s - loss: 0.1592 - acc: 0.9572 - val_loss: 0.1613 - val_acc: 0.9586
Epoch 9/50
 - 7s - loss: 0.1651 - acc: 0.9556 - val_loss: 0.1419 - val_acc: 0.9642
Epoch 10/50
 - 7s - loss: 0.1518 - acc: 0.9595 - val_loss: 0.1403 - val_acc: 0.9658
Epoch 00010: early stopping
Train on 10252 samples, validate on 5000 samples
Epoch 1/50
 - 21s - loss: 0.3914 - acc: 0.9041 - val_loss: 0.2823 - val_acc: 0.9386
Epoch 2/50
 - 7s - loss: 0.2424 - acc: 0.9322 - val_loss: 0.2842 - val_acc: 0.9100
Epoch 3/50
 - 7s - loss: 0.2101 - acc: 0.9392 - val_loss: 0.2297 - val_acc: 0.9560
Epoch 4/50
 - 7s - loss: 0.1948 - acc: 0.9495 - val_loss: 0.1936 - val_acc: 0.9578
Epoch 5/50
 - 7s - loss: 0.1876 - acc: 0.9496 - val_loss: 0.1759 - val_acc: 0.9630
Epoch 6/50
 - 7s - loss: 0.1768 - acc: 0.9519 - val_loss: 0.1855 - val_acc: 0.9596
Epoch 7/50
 - 7s - loss: 0.1642 - acc: 0.9574 - val_loss: 0.1662 - val_acc: 0.9672
Epoch 8/50
 - 7s - loss: 0.1626 - acc: 0.9583 - val_loss: 0.1902 - val_acc: 0.9664
Epoch 9/50
 - 7s - loss: 0.1609 - acc: 0.9583 - val_loss: 0.2931 - val_acc: 0.9128
Epoch 10/50
 - 7s - loss: 0.1566 - acc: 0.9600 - val_loss: 0.1638 - val_acc: 0.9686
Epoch 11/50
 - 7s - loss: 0.1554 - acc: 0.9615 - val_loss: 0.3256 - val_acc: 0.9386
Epoch 00011: early stopping
Train on 10252 samples, validate on 5000 samples
Epoch 1/50
 - 22s - loss: 0.3662 - acc: 0.9089 - val_loss: 0.1875 - val_acc: 0.9608
Epoch 2/50
 - 7s - loss: 0.2352 - acc: 0.9364 - val_loss: 0.4556 - val_acc: 0.8548
Epoch 3/50
 - 7s - loss: 0.1924 - acc: 0.9483 - val_loss: 0.1687 - val_acc: 0.9660
Epoch 4/50
 - 7s - loss: 0.1876 - acc: 0.9509 - val_loss: 0.2048 - val_acc: 0.9504
Epoch 5/50
 - 7s - loss: 0.1699 - acc: 0.9578 - val_loss: 0.1941 - val_acc: 0.9394
Epoch 00005: early stopping
Train on 10252 samples, validate on 5000 samples
Epoch 1/50
 - 23s - loss: 0.3808 - acc: 0.8976 - val_loss: 0.2083 - val_acc: 0.9578
Epoch 2/50
 - 7s - loss: 0.2432 - acc: 0.9332 - val_loss: 0.1938 - val_acc: 0.9568
Epoch 3/50
 - 8s - loss: 0.2088 - acc: 0.9441 - val_loss: 0.2063 - val_acc: 0.9438
Epoch 4/50
 - 8s - loss: 0.1869 - acc: 0.9509 - val_loss: 0.2081 - val_acc: 0.9468
Epoch 5/50
 - 8s - loss: 0.1852 - acc: 0.9502 - val_loss: 0.1555 - val_acc: 0.9614
Epoch 6/50
 - 8s - loss: 0.1788 - acc: 0.9539 - val_loss: 0.2487 - val_acc: 0.9200
Epoch 7/50
 - 7s - loss: 0.1618 - acc: 0.9574 - val_loss: 0.1950 - val_acc: 0.9482
Epoch 8/50
 - 8s - loss: 0.1583 - acc: 0.9583 - val_loss: 0.1756 - val_acc: 0.9622
Epoch 9/50
 - 8s - loss: 0.1517 - acc: 0.9610 - val_loss: 0.3233 - val_acc: 0.8794
Epoch 00009: early stopping
Train on 10252 samples, validate on 5000 samples
Epoch 1/50
 - 23s - loss: 0.3724 - acc: 0.9046 - val_loss: 0.2113 - val_acc: 0.9592
Epoch 2/50
 - 8s - loss: 0.2431 - acc: 0.9350 - val_loss: 0.1557 - val_acc: 0.9626
Epoch 3/50
 - 8s - loss: 0.2144 - acc: 0.9414 - val_loss: 0.1698 - val_acc: 0.9608
Epoch 4/50
 - 8s - loss: 0.2044 - acc: 0.9445 - val_loss: 0.1534 - val_acc: 0.9630
Epoch 5/50
 - 8s - loss: 0.1882 - acc: 0.9493 - val_loss: 0.1492 - val_acc: 0.9644
Epoch 6/50
 - 8s - loss: 0.1774 - acc: 0.9515 - val_loss: 0.1572 - val_acc: 0.9616
Epoch 00006: early stopping
Train on 10252 samples, validate on 5000 samples
Epoch 1/50
 - 24s - loss: 0.3947 - acc: 0.8985 - val_loss: 0.2265 - val_acc: 0.9498
Epoch 2/50
 - 8s - loss: 0.2514 - acc: 0.9301 - val_loss: 0.2302 - val_acc: 0.9552
Epoch 3/50
 - 8s - loss: 0.2212 - acc: 0.9416 - val_loss: 0.1992 - val_acc: 0.9552
Epoch 4/50
 - 8s - loss: 0.2005 - acc: 0.9469 - val_loss: 0.2230 - val_acc: 0.9426
Epoch 5/50
 - 8s - loss: 0.2000 - acc: 0.9460 - val_loss: 0.4227 - val_acc: 0.9442
Epoch 6/50
 - 8s - loss: 0.1915 - acc: 0.9499 - val_loss: 0.1772 - val_acc: 0.9584
Epoch 7/50
 - 8s - loss: 0.1758 - acc: 0.9523 - val_loss: 0.1555 - val_acc: 0.9632
Epoch 8/50
 - 8s - loss: 0.1665 - acc: 0.9564 - val_loss: 0.1555 - val_acc: 0.9540
Epoch 9/50
 - 8s - loss: 0.1653 - acc: 0.9561 - val_loss: 0.1567 - val_acc: 0.9624
Epoch 10/50
 - 8s - loss: 0.1579 - acc: 0.9592 - val_loss: 0.1874 - val_acc: 0.9442
Epoch 11/50
 - 8s - loss: 0.1560 - acc: 0.9594 - val_loss: 0.1329 - val_acc: 0.9700
Epoch 12/50
 - 8s - loss: 0.1568 - acc: 0.9579 - val_loss: 0.1556 - val_acc: 0.9534
Epoch 13/50
 - 8s - loss: 0.1569 - acc: 0.9584 - val_loss: 0.1813 - val_acc: 0.9600
Epoch 14/50
 - 8s - loss: 0.1453 - acc: 0.9619 - val_loss: 0.1306 - val_acc: 0.9706
Epoch 15/50
 - 8s - loss: 0.1465 - acc: 0.9619 - val_loss: 0.1590 - val_acc: 0.9620
Epoch 00015: early stopping
Train on 10252 samples, validate on 5000 samples
Epoch 1/50
 - 24s - loss: 0.3743 - acc: 0.9050 - val_loss: 0.5125 - val_acc: 0.9202
Epoch 2/50
 - 8s - loss: 0.2407 - acc: 0.9332 - val_loss: 0.7524 - val_acc: 0.9090
Epoch 3/50
 - 8s - loss: 0.2075 - acc: 0.9439 - val_loss: 0.2867 - val_acc: 0.9460
Epoch 4/50
 - 8s - loss: 0.1956 - acc: 0.9482 - val_loss: 0.1781 - val_acc: 0.9606
Epoch 5/50
 - 8s - loss: 0.1854 - acc: 0.9503 - val_loss: 0.2536 - val_acc: 0.9410
Epoch 6/50
 - 8s - loss: 0.1808 - acc: 0.9515 - val_loss: 0.1687 - val_acc: 0.9594
Epoch 7/50
 - 8s - loss: 0.1729 - acc: 0.9553 - val_loss: 0.2257 - val_acc: 0.9444
Epoch 8/50
 - 8s - loss: 0.1666 - acc: 0.9562 - val_loss: 0.1460 - val_acc: 0.9630
Epoch 9/50
 - 8s - loss: 0.1615 - acc: 0.9597 - val_loss: 0.2964 - val_acc: 0.9400
Epoch 10/50
 - 8s - loss: 0.1488 - acc: 0.9604 - val_loss: 0.1372 - val_acc: 0.9688
Epoch 11/50
 - 8s - loss: 0.1449 - acc: 0.9641 - val_loss: 0.2728 - val_acc: 0.9208
Epoch 12/50
 - 8s - loss: 0.1450 - acc: 0.9626 - val_loss: 0.1550 - val_acc: 0.9602
Epoch 00012: early stopping
Train on 10252 samples, validate on 5000 samples
Epoch 1/50
 - 17s - loss: 0.9928 - acc: 0.7520 - val_loss: 0.4330 - val_acc: 0.9272
Epoch 2/50
 - 3s - loss: 0.4614 - acc: 0.9047 - val_loss: 0.3296 - val_acc: 0.9348
Epoch 3/50
 - 3s - loss: 0.3845 - acc: 0.9078 - val_loss: 0.3167 - val_acc: 0.9208
Epoch 4/50
 - 3s - loss: 0.3334 - acc: 0.9177 - val_loss: 0.2779 - val_acc: 0.9398
Epoch 5/50
 - 3s - loss: 0.3061 - acc: 0.9197 - val_loss: 0.2704 - val_acc: 0.9432
Epoch 6/50
 - 3s - loss: 0.2815 - acc: 0.9288 - val_loss: 0.2447 - val_acc: 0.9484
Epoch 7/50
 - 3s - loss: 0.2712 - acc: 0.9327 - val_loss: 0.2327 - val_acc: 0.9476
Epoch 8/50
 - 3s - loss: 0.2629 - acc: 0.9319 - val_loss: 0.2377 - val_acc: 0.9492
Epoch 9/50
 - 3s - loss: 0.2433 - acc: 0.9368 - val_loss: 0.2314 - val_acc: 0.9446
Epoch 10/50
 - 3s - loss: 0.2414 - acc: 0.9396 - val_loss: 0.2217 - val_acc: 0.9536
Epoch 11/50
 - 3s - loss: 0.2243 - acc: 0.9429 - val_loss: 0.2578 - val_acc: 0.9362
Epoch 12/50
 - 3s - loss: 0.2179 - acc: 0.9442 - val_loss: 0.2403 - val_acc: 0.9408
Epoch 13/50
 - 3s - loss: 0.2194 - acc: 0.9450 - val_loss: 0.3269 - val_acc: 0.9354
Epoch 14/50
 - 3s - loss: 0.2137 - acc: 0.9468 - val_loss: 0.2353 - val_acc: 0.9376
Epoch 00014: early stopping
Train on 10252 samples, validate on 5000 samples
Epoch 1/50
 - 17s - loss: 1.0515 - acc: 0.6886 - val_loss: 0.4316 - val_acc: 0.9312
Epoch 2/50
 - 3s - loss: 0.4207 - acc: 0.9072 - val_loss: 0.2976 - val_acc: 0.9394
Epoch 3/50
 - 3s - loss: 0.3353 - acc: 0.9202 - val_loss: 0.2684 - val_acc: 0.9384
Epoch 4/50
 - 3s - loss: 0.3050 - acc: 0.9242 - val_loss: 0.2484 - val_acc: 0.9450
Epoch 5/50
 - 3s - loss: 0.2811 - acc: 0.9287 - val_loss: 0.2399 - val_acc: 0.9430
Epoch 6/50
 - 3s - loss: 0.2574 - acc: 0.9355 - val_loss: 0.2310 - val_acc: 0.9528
Epoch 7/50
 - 3s - loss: 0.2482 - acc: 0.9391 - val_loss: 0.2983 - val_acc: 0.9310
Epoch 8/50
 - 3s - loss: 0.2504 - acc: 0.9397 - val_loss: 0.2482 - val_acc: 0.9408
Epoch 9/50
 - 3s - loss: 0.2274 - acc: 0.9453 - val_loss: 0.2262 - val_acc: 0.9496
Epoch 10/50
 - 3s - loss: 0.2216 - acc: 0.9468 - val_loss: 0.2165 - val_acc: 0.9492
Epoch 11/50
 - 3s - loss: 0.2082 - acc: 0.9505 - val_loss: 0.2254 - val_acc: 0.9494
Epoch 12/50
 - 3s - loss: 0.2159 - acc: 0.9491 - val_loss: 0.2199 - val_acc: 0.9486
Epoch 13/50
 - 3s - loss: 0.2100 - acc: 0.9484 - val_loss: 0.2167 - val_acc: 0.9484
Epoch 14/50
 - 3s - loss: 0.2005 - acc: 0.9520 - val_loss: 0.2107 - val_acc: 0.9492
Epoch 15/50
 - 3s - loss: 0.1984 - acc: 0.9532 - val_loss: 0.2283 - val_acc: 0.9412
Epoch 16/50
 - 3s - loss: 0.1951 - acc: 0.9545 - val_loss: 0.2244 - val_acc: 0.9402
Epoch 17/50
 - 3s - loss: 0.1903 - acc: 0.9544 - val_loss: 0.2227 - val_acc: 0.9384
Epoch 18/50
 - 3s - loss: 0.1943 - acc: 0.9541 - val_loss: 0.2334 - val_acc: 0.9416
Epoch 00018: early stopping
Train on 10252 samples, validate on 5000 samples
Epoch 1/50
 - 18s - loss: 0.9565 - acc: 0.7656 - val_loss: 0.4061 - val_acc: 0.9300
Epoch 2/50
 - 3s - loss: 0.4368 - acc: 0.9053 - val_loss: 0.3527 - val_acc: 0.9260
Epoch 3/50
 - 3s - loss: 0.3487 - acc: 0.9187 - val_loss: 0.2896 - val_acc: 0.9398
Epoch 4/50
 - 3s - loss: 0.3042 - acc: 0.9275 - val_loss: 0.2819 - val_acc: 0.9300
Epoch 5/50
 - 3s - loss: 0.2958 - acc: 0.9301 - val_loss: 0.2613 - val_acc: 0.9356
Epoch 6/50
 - 3s - loss: 0.2693 - acc: 0.9366 - val_loss: 0.2343 - val_acc: 0.9442
Epoch 7/50
 - 3s - loss: 0.2528 - acc: 0.9425 - val_loss: 0.2422 - val_acc: 0.9378
Epoch 8/50
 - 3s - loss: 0.2487 - acc: 0.9411 - val_loss: 0.2431 - val_acc: 0.9398
Epoch 9/50
 - 3s - loss: 0.2439 - acc: 0.9416 - val_loss: 0.2514 - val_acc: 0.9336
Epoch 10/50
 - 3s - loss: 0.2306 - acc: 0.9451 - val_loss: 0.2190 - val_acc: 0.9484
Epoch 11/50
 - 3s - loss: 0.2210 - acc: 0.9477 - val_loss: 0.2387 - val_acc: 0.9370
Epoch 12/50
 - 3s - loss: 0.2093 - acc: 0.9493 - val_loss: 0.2280 - val_acc: 0.9382
Epoch 13/50
 - 3s - loss: 0.2158 - acc: 0.9499 - val_loss: 0.2356 - val_acc: 0.9384
Epoch 14/50
 - 3s - loss: 0.2041 - acc: 0.9522 - val_loss: 0.2119 - val_acc: 0.9488
Epoch 15/50
 - 3s - loss: 0.1985 - acc: 0.9521 - val_loss: 0.2315 - val_acc: 0.9386
Epoch 16/50
 - 3s - loss: 0.1905 - acc: 0.9581 - val_loss: 0.2414 - val_acc: 0.9374
Epoch 17/50
 - 3s - loss: 0.1947 - acc: 0.9545 - val_loss: 0.2752 - val_acc: 0.9392
Epoch 18/50
 - 3s - loss: 0.1916 - acc: 0.9544 - val_loss: 0.2146 - val_acc: 0.9434
Epoch 00018: early stopping
Train on 10252 samples, validate on 5000 samples
Epoch 1/50
 - 18s - loss: 1.0252 - acc: 0.7347 - val_loss: 0.4975 - val_acc: 0.9244
Epoch 2/50
 - 3s - loss: 0.4660 - acc: 0.9030 - val_loss: 0.3330 - val_acc: 0.9276
Epoch 3/50
 - 3s - loss: 0.3743 - acc: 0.9104 - val_loss: 0.2737 - val_acc: 0.9418
Epoch 4/50
 - 3s - loss: 0.3203 - acc: 0.9212 - val_loss: 0.2592 - val_acc: 0.9392
Epoch 5/50
 - 3s - loss: 0.2930 - acc: 0.9264 - val_loss: 0.2460 - val_acc: 0.9372
Epoch 6/50
 - 3s - loss: 0.2667 - acc: 0.9340 - val_loss: 0.2333 - val_acc: 0.9454
Epoch 7/50
 - 3s - loss: 0.2513 - acc: 0.9367 - val_loss: 0.2380 - val_acc: 0.9356
Epoch 8/50
 - 3s - loss: 0.2372 - acc: 0.9409 - val_loss: 0.2383 - val_acc: 0.9404
Epoch 9/50
 - 3s - loss: 0.2295 - acc: 0.9428 - val_loss: 0.2384 - val_acc: 0.9390
Epoch 10/50
 - 3s - loss: 0.2149 - acc: 0.9458 - val_loss: 0.2344 - val_acc: 0.9422
Epoch 00010: early stopping
Train on 10252 samples, validate on 5000 samples
Epoch 1/50
 - 18s - loss: 1.0043 - acc: 0.7525 - val_loss: 0.4450 - val_acc: 0.9376
Epoch 2/50
 - 3s - loss: 0.4708 - acc: 0.9025 - val_loss: 0.3407 - val_acc: 0.9380
Epoch 3/50
 - 3s - loss: 0.3935 - acc: 0.9129 - val_loss: 0.3033 - val_acc: 0.9432
Epoch 4/50
 - 3s - loss: 0.3467 - acc: 0.9151 - val_loss: 0.2666 - val_acc: 0.9478
Epoch 5/50
 - 3s - loss: 0.3118 - acc: 0.9248 - val_loss: 0.2702 - val_acc: 0.9464
Epoch 6/50
 - 3s - loss: 0.2788 - acc: 0.9308 - val_loss: 0.2591 - val_acc: 0.9424
Epoch 7/50
 - 3s - loss: 0.2665 - acc: 0.9318 - val_loss: 0.2415 - val_acc: 0.9420
Epoch 8/50
 - 3s - loss: 0.2517 - acc: 0.9358 - val_loss: 0.2287 - val_acc: 0.9418
Epoch 9/50
 - 3s - loss: 0.2443 - acc: 0.9359 - val_loss: 0.2209 - val_acc: 0.9454
Epoch 10/50
 - 3s - loss: 0.2304 - acc: 0.9405 - val_loss: 0.2288 - val_acc: 0.9430
Epoch 11/50
 - 3s - loss: 0.2288 - acc: 0.9439 - val_loss: 0.2238 - val_acc: 0.9414
Epoch 12/50
 - 3s - loss: 0.2100 - acc: 0.9477 - val_loss: 0.2136 - val_acc: 0.9416
Epoch 13/50
 - 3s - loss: 0.2193 - acc: 0.9471 - val_loss: 0.2423 - val_acc: 0.9360
Epoch 14/50
 - 3s - loss: 0.2097 - acc: 0.9494 - val_loss: 0.2191 - val_acc: 0.9398
Epoch 15/50
 - 3s - loss: 0.1976 - acc: 0.9529 - val_loss: 0.2138 - val_acc: 0.9402
Epoch 16/50
 - 3s - loss: 0.1998 - acc: 0.9502 - val_loss: 0.2105 - val_acc: 0.9428
Epoch 17/50
 - 3s - loss: 0.1990 - acc: 0.9498 - val_loss: 0.1933 - val_acc: 0.9510
Epoch 18/50
 - 3s - loss: 0.1917 - acc: 0.9525 - val_loss: 0.2032 - val_acc: 0.9456
Epoch 19/50
 - 3s - loss: 0.1843 - acc: 0.9549 - val_loss: 0.1932 - val_acc: 0.9510
Epoch 20/50
 - 3s - loss: 0.1848 - acc: 0.9559 - val_loss: 0.2046 - val_acc: 0.9420
Epoch 21/50
 - 3s - loss: 0.1831 - acc: 0.9544 - val_loss: 0.1984 - val_acc: 0.9466
Epoch 00021: early stopping
Train on 10252 samples, validate on 5000 samples
Epoch 1/50
 - 18s - loss: 1.0275 - acc: 0.7181 - val_loss: 0.4194 - val_acc: 0.9338
Epoch 2/50
 - 3s - loss: 0.4276 - acc: 0.9048 - val_loss: 0.3320 - val_acc: 0.9188
Epoch 3/50
 - 3s - loss: 0.3495 - acc: 0.9158 - val_loss: 0.3114 - val_acc: 0.9272
Epoch 4/50
 - 3s - loss: 0.3044 - acc: 0.9248 - val_loss: 0.2951 - val_acc: 0.9344
Epoch 5/50
 - 3s - loss: 0.2951 - acc: 0.9256 - val_loss: 0.2777 - val_acc: 0.9306
Epoch 6/50
 - 3s - loss: 0.2677 - acc: 0.9356 - val_loss: 0.3018 - val_acc: 0.9360
Epoch 7/50
 - 3s - loss: 0.2513 - acc: 0.9404 - val_loss: 0.2945 - val_acc: 0.9332
Epoch 8/50
 - 3s - loss: 0.2437 - acc: 0.9408 - val_loss: 0.3296 - val_acc: 0.9192
Epoch 9/50
 - 3s - loss: 0.2417 - acc: 0.9393 - val_loss: 0.2403 - val_acc: 0.9362
Epoch 10/50
 - 3s - loss: 0.2300 - acc: 0.9415 - val_loss: 0.2624 - val_acc: 0.9346
Epoch 11/50
 - 3s - loss: 0.2260 - acc: 0.9448 - val_loss: 0.2598 - val_acc: 0.9226
Epoch 12/50
 - 3s - loss: 0.2203 - acc: 0.9469 - val_loss: 0.2700 - val_acc: 0.9184
Epoch 13/50
 - 3s - loss: 0.2174 - acc: 0.9476 - val_loss: 0.2368 - val_acc: 0.9348
Epoch 14/50
 - 3s - loss: 0.2127 - acc: 0.9502 - val_loss: 0.2483 - val_acc: 0.9416
Epoch 15/50
 - 3s - loss: 0.2089 - acc: 0.9491 - val_loss: 0.2062 - val_acc: 0.9524
Epoch 16/50
 - 3s - loss: 0.2086 - acc: 0.9493 - val_loss: 0.2724 - val_acc: 0.9412
Epoch 17/50
 - 3s - loss: 0.2018 - acc: 0.9513 - val_loss: 0.2868 - val_acc: 0.9310
Epoch 18/50
 - 3s - loss: 0.2106 - acc: 0.9510 - val_loss: 0.2057 - val_acc: 0.9492
Epoch 19/50
 - 3s - loss: 0.1935 - acc: 0.9540 - val_loss: 0.2158 - val_acc: 0.9462
Epoch 00019: early stopping
Train on 10252 samples, validate on 5000 samples
Epoch 1/50
 - 18s - loss: 0.9963 - acc: 0.7741 - val_loss: 0.4048 - val_acc: 0.9390
Epoch 2/50
 - 3s - loss: 0.4697 - acc: 0.9012 - val_loss: 0.3202 - val_acc: 0.9336
Epoch 3/50
 - 3s - loss: 0.3913 - acc: 0.9049 - val_loss: 0.2750 - val_acc: 0.9330
Epoch 4/50
 - 3s - loss: 0.3310 - acc: 0.9174 - val_loss: 0.2582 - val_acc: 0.9418
Epoch 5/50
 - 3s - loss: 0.3031 - acc: 0.9207 - val_loss: 0.2489 - val_acc: 0.9402
Epoch 6/50
 - 3s - loss: 0.2914 - acc: 0.9218 - val_loss: 0.2609 - val_acc: 0.9376
Epoch 7/50
 - 3s - loss: 0.2600 - acc: 0.9341 - val_loss: 0.2603 - val_acc: 0.9376
Epoch 8/50
 - 3s - loss: 0.2517 - acc: 0.9345 - val_loss: 0.2447 - val_acc: 0.9434
Epoch 9/50
 - 3s - loss: 0.2407 - acc: 0.9373 - val_loss: 0.2328 - val_acc: 0.9456
Epoch 10/50
 - 3s - loss: 0.2364 - acc: 0.9396 - val_loss: 0.2111 - val_acc: 0.9506
Epoch 11/50
 - 3s - loss: 0.2291 - acc: 0.9427 - val_loss: 0.1969 - val_acc: 0.9556
Epoch 12/50
 - 3s - loss: 0.2209 - acc: 0.9454 - val_loss: 0.2163 - val_acc: 0.9482
Epoch 13/50
 - 3s - loss: 0.2180 - acc: 0.9454 - val_loss: 0.2076 - val_acc: 0.9528
Epoch 14/50
 - 3s - loss: 0.2046 - acc: 0.9497 - val_loss: 0.2189 - val_acc: 0.9462
Epoch 15/50
 - 3s - loss: 0.2049 - acc: 0.9504 - val_loss: 0.2246 - val_acc: 0.9458
Epoch 00015: early stopping
Train on 10252 samples, validate on 5000 samples
Epoch 1/50
 - 18s - loss: 0.9628 - acc: 0.7639 - val_loss: 0.4075 - val_acc: 0.9428
Epoch 2/50
 - 3s - loss: 0.4759 - acc: 0.9028 - val_loss: 0.3140 - val_acc: 0.9350
Epoch 3/50
 - 3s - loss: 0.3789 - acc: 0.9107 - val_loss: 0.2914 - val_acc: 0.9336
Epoch 4/50
 - 3s - loss: 0.3270 - acc: 0.9168 - val_loss: 0.2656 - val_acc: 0.9420
Epoch 5/50
 - 3s - loss: 0.3076 - acc: 0.9196 - val_loss: 0.2705 - val_acc: 0.9450
Epoch 6/50
 - 3s - loss: 0.2846 - acc: 0.9256 - val_loss: 0.2620 - val_acc: 0.9382
Epoch 7/50
 - 3s - loss: 0.2726 - acc: 0.9291 - val_loss: 0.2418 - val_acc: 0.9468
Epoch 8/50
 - 3s - loss: 0.2639 - acc: 0.9322 - val_loss: 0.2377 - val_acc: 0.9482
Epoch 9/50
 - 3s - loss: 0.2504 - acc: 0.9359 - val_loss: 0.2396 - val_acc: 0.9438
Epoch 10/50
 - 3s - loss: 0.2505 - acc: 0.9324 - val_loss: 0.2260 - val_acc: 0.9540
Epoch 11/50
 - 3s - loss: 0.2377 - acc: 0.9378 - val_loss: 0.2235 - val_acc: 0.9460
Epoch 12/50
 - 3s - loss: 0.2240 - acc: 0.9440 - val_loss: 0.2142 - val_acc: 0.9512
Epoch 13/50
 - 3s - loss: 0.2173 - acc: 0.9450 - val_loss: 0.2027 - val_acc: 0.9626
Epoch 14/50
 - 3s - loss: 0.2186 - acc: 0.9455 - val_loss: 0.2214 - val_acc: 0.9448
Epoch 15/50
 - 3s - loss: 0.2192 - acc: 0.9454 - val_loss: 0.2071 - val_acc: 0.9484
Epoch 16/50
 - 3s - loss: 0.2048 - acc: 0.9495 - val_loss: 0.2099 - val_acc: 0.9482
Epoch 17/50
 - 3s - loss: 0.2081 - acc: 0.9476 - val_loss: 0.2292 - val_acc: 0.9352
Epoch 00017: early stopping
Train on 10252 samples, validate on 5000 samples
Epoch 1/50
 - 19s - loss: 1.0810 - acc: 0.6993 - val_loss: 0.4644 - val_acc: 0.9348
Epoch 2/50
 - 3s - loss: 0.4519 - acc: 0.8986 - val_loss: 0.3149 - val_acc: 0.9268
Epoch 3/50
 - 3s - loss: 0.3623 - acc: 0.9111 - val_loss: 0.2653 - val_acc: 0.9430
Epoch 4/50
 - 3s - loss: 0.3232 - acc: 0.9183 - val_loss: 0.2711 - val_acc: 0.9370
Epoch 5/50
 - 3s - loss: 0.2945 - acc: 0.9264 - val_loss: 0.2919 - val_acc: 0.9310
Epoch 6/50
 - 3s - loss: 0.2883 - acc: 0.9276 - val_loss: 0.2615 - val_acc: 0.9324
Epoch 7/50
 - 3s - loss: 0.2708 - acc: 0.9337 - val_loss: 0.2705 - val_acc: 0.9336
Epoch 8/50
 - 3s - loss: 0.2541 - acc: 0.9375 - val_loss: 0.2539 - val_acc: 0.9384
Epoch 9/50
 - 3s - loss: 0.2413 - acc: 0.9403 - val_loss: 0.2311 - val_acc: 0.9456
Epoch 10/50
 - 3s - loss: 0.2243 - acc: 0.9459 - val_loss: 0.2742 - val_acc: 0.9354
Epoch 11/50
 - 3s - loss: 0.2270 - acc: 0.9452 - val_loss: 0.2326 - val_acc: 0.9430
Epoch 12/50
 - 3s - loss: 0.2158 - acc: 0.9487 - val_loss: 0.2369 - val_acc: 0.9398
Epoch 13/50
 - 3s - loss: 0.2144 - acc: 0.9501 - val_loss: 0.2159 - val_acc: 0.9442
Epoch 14/50
 - 3s - loss: 0.2092 - acc: 0.9474 - val_loss: 0.2664 - val_acc: 0.9342
Epoch 15/50
 - 3s - loss: 0.2082 - acc: 0.9498 - val_loss: 0.2071 - val_acc: 0.9472
Epoch 16/50
 - 3s - loss: 0.1947 - acc: 0.9523 - val_loss: 0.2495 - val_acc: 0.9354
Epoch 17/50
 - 3s - loss: 0.1943 - acc: 0.9515 - val_loss: 0.2232 - val_acc: 0.9402
Epoch 18/50
 - 3s - loss: 0.1935 - acc: 0.9528 - val_loss: 0.2269 - val_acc: 0.9426
Epoch 19/50
 - 3s - loss: 0.1889 - acc: 0.9553 - val_loss: 0.2150 - val_acc: 0.9460
Epoch 00019: early stopping
Train on 10252 samples, validate on 5000 samples
Epoch 1/50
 - 19s - loss: 0.9983 - acc: 0.7367 - val_loss: 0.3880 - val_acc: 0.9434
Epoch 2/50
 - 3s - loss: 0.4392 - acc: 0.9070 - val_loss: 0.3260 - val_acc: 0.9290
Epoch 3/50
 - 3s - loss: 0.3741 - acc: 0.9106 - val_loss: 0.3001 - val_acc: 0.9442
Epoch 4/50
 - 3s - loss: 0.3396 - acc: 0.9156 - val_loss: 0.2647 - val_acc: 0.9430
Epoch 5/50
 - 3s - loss: 0.3076 - acc: 0.9236 - val_loss: 0.2594 - val_acc: 0.9444
Epoch 6/50
 - 3s - loss: 0.2934 - acc: 0.9252 - val_loss: 0.2578 - val_acc: 0.9400
Epoch 7/50
 - 3s - loss: 0.2716 - acc: 0.9328 - val_loss: 0.2459 - val_acc: 0.9432
Epoch 8/50
 - 3s - loss: 0.2567 - acc: 0.9341 - val_loss: 0.2549 - val_acc: 0.9354
Epoch 9/50
 - 3s - loss: 0.2493 - acc: 0.9378 - val_loss: 0.2381 - val_acc: 0.9410
Epoch 10/50
 - 3s - loss: 0.2410 - acc: 0.9411 - val_loss: 0.2284 - val_acc: 0.9384
Epoch 11/50
 - 3s - loss: 0.2278 - acc: 0.9433 - val_loss: 0.2422 - val_acc: 0.9382
Epoch 12/50
 - 3s - loss: 0.2190 - acc: 0.9456 - val_loss: 0.2367 - val_acc: 0.9424
Epoch 13/50
 - 3s - loss: 0.2163 - acc: 0.9454 - val_loss: 0.2150 - val_acc: 0.9414
Epoch 14/50
 - 3s - loss: 0.2139 - acc: 0.9466 - val_loss: 0.2184 - val_acc: 0.9474
Epoch 15/50
 - 3s - loss: 0.2018 - acc: 0.9501 - val_loss: 0.2163 - val_acc: 0.9420
Epoch 16/50
 - 3s - loss: 0.1969 - acc: 0.9504 - val_loss: 0.2152 - val_acc: 0.9446
Epoch 17/50
 - 3s - loss: 0.1964 - acc: 0.9513 - val_loss: 0.2676 - val_acc: 0.9184
Epoch 00017: early stopping
Train on 10252 samples, validate on 5000 samples
Epoch 1/50
 - 19s - loss: 1.0102 - acc: 0.7284 - val_loss: 0.4087 - val_acc: 0.9362
Epoch 2/50
 - 3s - loss: 0.4244 - acc: 0.9110 - val_loss: 0.3132 - val_acc: 0.9306
Epoch 3/50
 - 3s - loss: 0.3352 - acc: 0.9222 - val_loss: 0.2824 - val_acc: 0.9350
Epoch 4/50
 - 3s - loss: 0.3106 - acc: 0.9226 - val_loss: 0.2748 - val_acc: 0.9380
Epoch 5/50
 - 3s - loss: 0.2770 - acc: 0.9311 - val_loss: 0.2528 - val_acc: 0.9444
Epoch 6/50
 - 3s - loss: 0.2625 - acc: 0.9362 - val_loss: 0.2608 - val_acc: 0.9332
Epoch 7/50
 - 3s - loss: 0.2442 - acc: 0.9387 - val_loss: 0.2395 - val_acc: 0.9374
Epoch 8/50
 - 3s - loss: 0.2421 - acc: 0.9414 - val_loss: 0.2384 - val_acc: 0.9370
Epoch 9/50
 - 3s - loss: 0.2280 - acc: 0.9446 - val_loss: 0.2391 - val_acc: 0.9380
Epoch 10/50
 - 3s - loss: 0.2233 - acc: 0.9466 - val_loss: 0.2085 - val_acc: 0.9516
Epoch 11/50
 - 3s - loss: 0.2153 - acc: 0.9477 - val_loss: 0.2176 - val_acc: 0.9460
Epoch 12/50
 - 3s - loss: 0.2142 - acc: 0.9465 - val_loss: 0.2364 - val_acc: 0.9378
Epoch 13/50
 - 3s - loss: 0.2075 - acc: 0.9500 - val_loss: 0.2207 - val_acc: 0.9438
Epoch 14/50
 - 3s - loss: 0.2095 - acc: 0.9504 - val_loss: 0.2225 - val_acc: 0.9428
Epoch 00014: early stopping
Train on 10252 samples, validate on 5000 samples
Epoch 1/50
 - 19s - loss: 0.9860 - acc: 0.7468 - val_loss: 0.4352 - val_acc: 0.9418
Epoch 2/50
 - 3s - loss: 0.4458 - acc: 0.9072 - val_loss: 0.3130 - val_acc: 0.9320
Epoch 3/50
 - 3s - loss: 0.3627 - acc: 0.9172 - val_loss: 0.2727 - val_acc: 0.9400
Epoch 4/50
 - 3s - loss: 0.3281 - acc: 0.9213 - val_loss: 0.2699 - val_acc: 0.9442
Epoch 5/50
 - 3s - loss: 0.2944 - acc: 0.9279 - val_loss: 0.2601 - val_acc: 0.9440
Epoch 6/50
 - 3s - loss: 0.2867 - acc: 0.9300 - val_loss: 0.2405 - val_acc: 0.9458
Epoch 7/50
 - 3s - loss: 0.2688 - acc: 0.9339 - val_loss: 0.2520 - val_acc: 0.9408
Epoch 8/50
 - 3s - loss: 0.2543 - acc: 0.9368 - val_loss: 0.2285 - val_acc: 0.9456
Epoch 9/50
 - 3s - loss: 0.2448 - acc: 0.9411 - val_loss: 0.2328 - val_acc: 0.9438
Epoch 10/50
 - 3s - loss: 0.2411 - acc: 0.9418 - val_loss: 0.2262 - val_acc: 0.9462
Epoch 11/50
 - 3s - loss: 0.2336 - acc: 0.9439 - val_loss: 0.2752 - val_acc: 0.9348
Epoch 12/50
 - 3s - loss: 0.2258 - acc: 0.9446 - val_loss: 0.2217 - val_acc: 0.9522
Epoch 13/50
 - 3s - loss: 0.2129 - acc: 0.9480 - val_loss: 0.2126 - val_acc: 0.9532
Epoch 14/50
 - 3s - loss: 0.2134 - acc: 0.9490 - val_loss: 0.2128 - val_acc: 0.9512
Epoch 15/50
 - 3s - loss: 0.2046 - acc: 0.9495 - val_loss: 0.2010 - val_acc: 0.9568
Epoch 16/50
 - 3s - loss: 0.2069 - acc: 0.9495 - val_loss: 0.2245 - val_acc: 0.9436
Epoch 17/50
 - 3s - loss: 0.2019 - acc: 0.9511 - val_loss: 0.2036 - val_acc: 0.9574
Epoch 18/50
 - 3s - loss: 0.2000 - acc: 0.9504 - val_loss: 0.2012 - val_acc: 0.9558
Epoch 19/50
 - 3s - loss: 0.1849 - acc: 0.9537 - val_loss: 0.2015 - val_acc: 0.9574
Epoch 00019: early stopping
Train on 10252 samples, validate on 5000 samples
Epoch 1/50
 - 19s - loss: 0.9878 - acc: 0.7198 - val_loss: 0.4356 - val_acc: 0.9296
Epoch 2/50
 - 3s - loss: 0.4302 - acc: 0.9099 - val_loss: 0.3501 - val_acc: 0.9272
Epoch 3/50
 - 3s - loss: 0.3429 - acc: 0.9191 - val_loss: 0.3002 - val_acc: 0.9346
Epoch 4/50
 - 3s - loss: 0.3010 - acc: 0.9275 - val_loss: 0.2805 - val_acc: 0.9272
Epoch 5/50
 - 3s - loss: 0.2832 - acc: 0.9329 - val_loss: 0.2646 - val_acc: 0.9360
Epoch 6/50
 - 3s - loss: 0.2666 - acc: 0.9335 - val_loss: 0.2448 - val_acc: 0.9384
Epoch 7/50
 - 3s - loss: 0.2561 - acc: 0.9380 - val_loss: 0.2416 - val_acc: 0.9400
Epoch 8/50
 - 3s - loss: 0.2376 - acc: 0.9404 - val_loss: 0.2415 - val_acc: 0.9344
Epoch 9/50
 - 3s - loss: 0.2215 - acc: 0.9477 - val_loss: 0.2215 - val_acc: 0.9464
Epoch 10/50
 - 3s - loss: 0.2214 - acc: 0.9455 - val_loss: 0.2195 - val_acc: 0.9414
Epoch 11/50
 - 3s - loss: 0.2141 - acc: 0.9481 - val_loss: 0.2230 - val_acc: 0.9430
Epoch 12/50
 - 3s - loss: 0.2084 - acc: 0.9494 - val_loss: 0.2100 - val_acc: 0.9450
Epoch 13/50
 - 3s - loss: 0.2011 - acc: 0.9518 - val_loss: 0.2065 - val_acc: 0.9478
Epoch 14/50
 - 3s - loss: 0.1996 - acc: 0.9518 - val_loss: 0.2510 - val_acc: 0.9338
Epoch 15/50
 - 3s - loss: 0.1922 - acc: 0.9519 - val_loss: 0.2207 - val_acc: 0.9396
Epoch 16/50
 - 3s - loss: 0.1907 - acc: 0.9547 - val_loss: 0.2455 - val_acc: 0.9324
Epoch 00016: early stopping
Train on 10252 samples, validate on 5000 samples
Epoch 1/50
 - 20s - loss: 1.0314 - acc: 0.7354 - val_loss: 0.4224 - val_acc: 0.9460
Epoch 2/50
 - 3s - loss: 0.4639 - acc: 0.9026 - val_loss: 0.3326 - val_acc: 0.9286
Epoch 3/50
 - 4s - loss: 0.3740 - acc: 0.9120 - val_loss: 0.2985 - val_acc: 0.9284
Epoch 4/50
 - 3s - loss: 0.3239 - acc: 0.9202 - val_loss: 0.2524 - val_acc: 0.9430
Epoch 5/50
 - 3s - loss: 0.2993 - acc: 0.9259 - val_loss: 0.2694 - val_acc: 0.9298
Epoch 6/50
 - 3s - loss: 0.2766 - acc: 0.9336 - val_loss: 0.2764 - val_acc: 0.9256
Epoch 7/50
 - 3s - loss: 0.2565 - acc: 0.9359 - val_loss: 0.2487 - val_acc: 0.9374
Epoch 8/50
 - 3s - loss: 0.2519 - acc: 0.9359 - val_loss: 0.2516 - val_acc: 0.9380
Epoch 00008: early stopping
Train on 10252 samples, validate on 5000 samples
Epoch 1/50
 - 20s - loss: 0.9863 - acc: 0.7526 - val_loss: 0.4243 - val_acc: 0.9314
Epoch 2/50
 - 4s - loss: 0.4157 - acc: 0.9096 - val_loss: 0.3428 - val_acc: 0.9218
Epoch 3/50
 - 4s - loss: 0.3421 - acc: 0.9160 - val_loss: 0.3142 - val_acc: 0.9338
Epoch 4/50
 - 3s - loss: 0.3075 - acc: 0.9232 - val_loss: 0.2715 - val_acc: 0.9412
Epoch 5/50
 - 3s - loss: 0.2777 - acc: 0.9326 - val_loss: 0.2614 - val_acc: 0.9452
Epoch 6/50
 - 3s - loss: 0.2633 - acc: 0.9356 - val_loss: 0.2522 - val_acc: 0.9426
Epoch 7/50
 - 3s - loss: 0.2614 - acc: 0.9359 - val_loss: 0.2391 - val_acc: 0.9518
Epoch 8/50
 - 3s - loss: 0.2392 - acc: 0.9445 - val_loss: 0.2189 - val_acc: 0.9534
Epoch 9/50
 - 3s - loss: 0.2285 - acc: 0.9434 - val_loss: 0.2387 - val_acc: 0.9402
Epoch 10/50
 - 4s - loss: 0.2230 - acc: 0.9464 - val_loss: 0.2373 - val_acc: 0.9372
Epoch 11/50
 - 3s - loss: 0.2201 - acc: 0.9446 - val_loss: 0.2240 - val_acc: 0.9516
Epoch 12/50
 - 3s - loss: 0.2079 - acc: 0.9490 - val_loss: 0.2247 - val_acc: 0.9474
Epoch 00012: early stopping
Train on 10252 samples, validate on 5000 samples
Epoch 1/50
 - 20s - loss: 1.0798 - acc: 0.7038 - val_loss: 0.4451 - val_acc: 0.9208
Epoch 2/50
 - 3s - loss: 0.4651 - acc: 0.8990 - val_loss: 0.3058 - val_acc: 0.9398
Epoch 3/50
 - 3s - loss: 0.3706 - acc: 0.9100 - val_loss: 0.3387 - val_acc: 0.9290
Epoch 4/50
 - 4s - loss: 0.3286 - acc: 0.9172 - val_loss: 0.2716 - val_acc: 0.9338
Epoch 5/50
 - 4s - loss: 0.3024 - acc: 0.9222 - val_loss: 0.2680 - val_acc: 0.9340
Epoch 6/50
 - 4s - loss: 0.2809 - acc: 0.9286 - val_loss: 0.2633 - val_acc: 0.9372
Epoch 7/50
 - 4s - loss: 0.2711 - acc: 0.9286 - val_loss: 0.2477 - val_acc: 0.9372
Epoch 8/50
 - 4s - loss: 0.2624 - acc: 0.9321 - val_loss: 0.2322 - val_acc: 0.9444
Epoch 9/50
 - 3s - loss: 0.2433 - acc: 0.9388 - val_loss: 0.2422 - val_acc: 0.9396
Epoch 10/50
 - 3s - loss: 0.2377 - acc: 0.9421 - val_loss: 0.2394 - val_acc: 0.9408
Epoch 11/50
 - 4s - loss: 0.2280 - acc: 0.9449 - val_loss: 0.2216 - val_acc: 0.9462
Epoch 12/50
 - 4s - loss: 0.2231 - acc: 0.9471 - val_loss: 0.2353 - val_acc: 0.9438
Epoch 13/50
 - 4s - loss: 0.2208 - acc: 0.9465 - val_loss: 0.2240 - val_acc: 0.9408
Epoch 14/50
 - 3s - loss: 0.2123 - acc: 0.9491 - val_loss: 0.2072 - val_acc: 0.9478
Epoch 15/50
 - 4s - loss: 0.2074 - acc: 0.9507 - val_loss: 0.2432 - val_acc: 0.9448
Epoch 16/50
 - 3s - loss: 0.2036 - acc: 0.9504 - val_loss: 0.2655 - val_acc: 0.9354
Epoch 17/50
 - 3s - loss: 0.2025 - acc: 0.9522 - val_loss: 0.2023 - val_acc: 0.9506
Epoch 18/50
 - 4s - loss: 0.2064 - acc: 0.9491 - val_loss: 0.1988 - val_acc: 0.9536
Epoch 19/50
 - 4s - loss: 0.1940 - acc: 0.9551 - val_loss: 0.2111 - val_acc: 0.9524
Epoch 20/50
 - 3s - loss: 0.1904 - acc: 0.9544 - val_loss: 0.2056 - val_acc: 0.9480
Epoch 21/50
 - 3s - loss: 0.1883 - acc: 0.9560 - val_loss: 0.2136 - val_acc: 0.9508
Epoch 22/50
 - 4s - loss: 0.1894 - acc: 0.9534 - val_loss: 0.2175 - val_acc: 0.9456
Epoch 00022: early stopping
Train on 10252 samples, validate on 5000 samples
Epoch 1/50
 - 20s - loss: 1.0669 - acc: 0.6987 - val_loss: 0.4269 - val_acc: 0.9426
Epoch 2/50
 - 4s - loss: 0.4463 - acc: 0.9029 - val_loss: 0.3226 - val_acc: 0.9316
Epoch 3/50
 - 4s - loss: 0.3644 - acc: 0.9134 - val_loss: 0.2791 - val_acc: 0.9374
Epoch 4/50
 - 3s - loss: 0.3158 - acc: 0.9188 - val_loss: 0.2613 - val_acc: 0.9362
Epoch 5/50
 - 3s - loss: 0.2723 - acc: 0.9285 - val_loss: 0.2439 - val_acc: 0.9454
Epoch 6/50
 - 4s - loss: 0.2612 - acc: 0.9341 - val_loss: 0.2302 - val_acc: 0.9488
Epoch 7/50
 - 4s - loss: 0.2468 - acc: 0.9354 - val_loss: 0.2373 - val_acc: 0.9442
Epoch 8/50
 - 4s - loss: 0.2489 - acc: 0.9352 - val_loss: 0.2285 - val_acc: 0.9512
Epoch 9/50
 - 4s - loss: 0.2324 - acc: 0.9426 - val_loss: 0.2138 - val_acc: 0.9518
Epoch 10/50
 - 4s - loss: 0.2219 - acc: 0.9443 - val_loss: 0.2240 - val_acc: 0.9558
Epoch 11/50
 - 4s - loss: 0.2092 - acc: 0.9489 - val_loss: 0.2328 - val_acc: 0.9410
Epoch 12/50
 - 4s - loss: 0.2159 - acc: 0.9444 - val_loss: 0.2377 - val_acc: 0.9342
Epoch 13/50
 - 4s - loss: 0.2115 - acc: 0.9453 - val_loss: 0.1972 - val_acc: 0.9570
Epoch 14/50
 - 3s - loss: 0.2020 - acc: 0.9510 - val_loss: 0.1939 - val_acc: 0.9562
Epoch 15/50
 - 3s - loss: 0.1911 - acc: 0.9544 - val_loss: 0.1984 - val_acc: 0.9568
Epoch 16/50
 - 4s - loss: 0.1969 - acc: 0.9541 - val_loss: 0.1916 - val_acc: 0.9572
Epoch 17/50
 - 4s - loss: 0.1894 - acc: 0.9534 - val_loss: 0.1882 - val_acc: 0.9576
Epoch 18/50
 - 3s - loss: 0.1875 - acc: 0.9532 - val_loss: 0.1932 - val_acc: 0.9540
Epoch 19/50
 - 3s - loss: 0.1821 - acc: 0.9549 - val_loss: 0.2153 - val_acc: 0.9468
Epoch 20/50
 - 4s - loss: 0.1812 - acc: 0.9540 - val_loss: 0.2401 - val_acc: 0.9406
Epoch 00020: early stopping
Train on 10252 samples, validate on 5000 samples
Epoch 1/50
 - 20s - loss: 1.0012 - acc: 0.7586 - val_loss: 0.3965 - val_acc: 0.9430
Epoch 2/50
 - 4s - loss: 0.4787 - acc: 0.8963 - val_loss: 0.3213 - val_acc: 0.9424
Epoch 3/50
 - 4s - loss: 0.3612 - acc: 0.9137 - val_loss: 0.2834 - val_acc: 0.9372
Epoch 4/50
 - 4s - loss: 0.3208 - acc: 0.9202 - val_loss: 0.2522 - val_acc: 0.9398
Epoch 5/50
 - 4s - loss: 0.2967 - acc: 0.9261 - val_loss: 0.2336 - val_acc: 0.9466
Epoch 6/50
 - 4s - loss: 0.2828 - acc: 0.9289 - val_loss: 0.2261 - val_acc: 0.9536
Epoch 7/50
 - 4s - loss: 0.2563 - acc: 0.9385 - val_loss: 0.2330 - val_acc: 0.9462
Epoch 8/50
 - 4s - loss: 0.2474 - acc: 0.9391 - val_loss: 0.2276 - val_acc: 0.9430
Epoch 9/50
 - 4s - loss: 0.2327 - acc: 0.9449 - val_loss: 0.2294 - val_acc: 0.9426
Epoch 10/50
 - 4s - loss: 0.2306 - acc: 0.9425 - val_loss: 0.2110 - val_acc: 0.9502
Epoch 11/50
 - 4s - loss: 0.2322 - acc: 0.9426 - val_loss: 0.2188 - val_acc: 0.9486
Epoch 12/50
 - 4s - loss: 0.2206 - acc: 0.9459 - val_loss: 0.2203 - val_acc: 0.9438
Epoch 13/50
 - 4s - loss: 0.2176 - acc: 0.9490 - val_loss: 0.1987 - val_acc: 0.9550
Epoch 14/50
 - 4s - loss: 0.2139 - acc: 0.9488 - val_loss: 0.2087 - val_acc: 0.9496
Epoch 15/50
 - 4s - loss: 0.2081 - acc: 0.9477 - val_loss: 0.2125 - val_acc: 0.9478
Epoch 16/50
 - 4s - loss: 0.2062 - acc: 0.9486 - val_loss: 0.2091 - val_acc: 0.9490
Epoch 17/50
 - 4s - loss: 0.1988 - acc: 0.9491 - val_loss: 0.2641 - val_acc: 0.9390
Epoch 00017: early stopping
Train on 10252 samples, validate on 5000 samples
Epoch 1/50
 - 20s - loss: 1.0259 - acc: 0.7291 - val_loss: 0.4818 - val_acc: 0.9292
Epoch 2/50
 - 4s - loss: 0.4618 - acc: 0.8995 - val_loss: 0.3601 - val_acc: 0.9336
Epoch 3/50
 - 4s - loss: 0.3593 - acc: 0.9158 - val_loss: 0.2944 - val_acc: 0.9320
Epoch 4/50
 - 4s - loss: 0.3172 - acc: 0.9224 - val_loss: 0.2681 - val_acc: 0.9322
Epoch 5/50
 - 4s - loss: 0.2954 - acc: 0.9275 - val_loss: 0.2666 - val_acc: 0.9346
Epoch 6/50
 - 4s - loss: 0.2826 - acc: 0.9319 - val_loss: 0.2503 - val_acc: 0.9364
Epoch 7/50
 - 4s - loss: 0.2636 - acc: 0.9367 - val_loss: 0.2502 - val_acc: 0.9348
Epoch 8/50
 - 4s - loss: 0.2540 - acc: 0.9394 - val_loss: 0.2663 - val_acc: 0.9332
Epoch 9/50
 - 4s - loss: 0.2435 - acc: 0.9407 - val_loss: 0.2469 - val_acc: 0.9368
Epoch 10/50
 - 4s - loss: 0.2342 - acc: 0.9441 - val_loss: 0.2503 - val_acc: 0.9352
Epoch 00010: early stopping
Train on 10252 samples, validate on 5000 samples
Epoch 1/50
 - 20s - loss: 1.1197 - acc: 0.6599 - val_loss: 0.3921 - val_acc: 0.9324
Epoch 2/50
 - 4s - loss: 0.4222 - acc: 0.9089 - val_loss: 0.3201 - val_acc: 0.9262
Epoch 3/50
 - 4s - loss: 0.3343 - acc: 0.9201 - val_loss: 0.2727 - val_acc: 0.9390
Epoch 4/50
 - 4s - loss: 0.3100 - acc: 0.9239 - val_loss: 0.2716 - val_acc: 0.9354
Epoch 5/50
 - 4s - loss: 0.2842 - acc: 0.9294 - val_loss: 0.2445 - val_acc: 0.9438
Epoch 6/50
 - 4s - loss: 0.2573 - acc: 0.9341 - val_loss: 0.2476 - val_acc: 0.9386
Epoch 7/50
 - 4s - loss: 0.2554 - acc: 0.9335 - val_loss: 0.2643 - val_acc: 0.9302
Epoch 8/50
 - 4s - loss: 0.2399 - acc: 0.9385 - val_loss: 0.2273 - val_acc: 0.9376
Epoch 9/50
 - 4s - loss: 0.2357 - acc: 0.9418 - val_loss: 0.2252 - val_acc: 0.9432
Epoch 10/50
 - 4s - loss: 0.2224 - acc: 0.9442 - val_loss: 0.2186 - val_acc: 0.9490
Epoch 11/50
 - 4s - loss: 0.2271 - acc: 0.9437 - val_loss: 0.2105 - val_acc: 0.9496
Epoch 12/50
 - 4s - loss: 0.2125 - acc: 0.9441 - val_loss: 0.2247 - val_acc: 0.9396
Epoch 13/50
 - 4s - loss: 0.2142 - acc: 0.9453 - val_loss: 0.1979 - val_acc: 0.9560
Epoch 14/50
 - 4s - loss: 0.2042 - acc: 0.9482 - val_loss: 0.2070 - val_acc: 0.9484
Epoch 15/50
 - 4s - loss: 0.1978 - acc: 0.9476 - val_loss: 0.2028 - val_acc: 0.9492
Epoch 16/50
 - 4s - loss: 0.1931 - acc: 0.9518 - val_loss: 0.2032 - val_acc: 0.9536
Epoch 17/50
 - 4s - loss: 0.1938 - acc: 0.9518 - val_loss: 0.1901 - val_acc: 0.9604
Epoch 18/50
 - 4s - loss: 0.1892 - acc: 0.9525 - val_loss: 0.1930 - val_acc: 0.9570
Epoch 19/50
 - 4s - loss: 0.1791 - acc: 0.9543 - val_loss: 0.2070 - val_acc: 0.9514
Epoch 20/50
 - 4s - loss: 0.1805 - acc: 0.9565 - val_loss: 0.1833 - val_acc: 0.9588
Epoch 21/50
 - 4s - loss: 0.1820 - acc: 0.9542 - val_loss: 0.1962 - val_acc: 0.9478
Epoch 22/50
 - 4s - loss: 0.1767 - acc: 0.9577 - val_loss: 0.2041 - val_acc: 0.9446
Epoch 23/50
 - 4s - loss: 0.1723 - acc: 0.9567 - val_loss: 0.2140 - val_acc: 0.9460
Epoch 24/50
 - 4s - loss: 0.1690 - acc: 0.9580 - val_loss: 0.1956 - val_acc: 0.9548
Epoch 00024: early stopping
Train on 10252 samples, validate on 5000 samples
Epoch 1/50
 - 21s - loss: 1.0797 - acc: 0.6817 - val_loss: 0.4773 - val_acc: 0.9396
Epoch 2/50
 - 4s - loss: 0.4461 - acc: 0.9023 - val_loss: 0.3512 - val_acc: 0.9248
Epoch 3/50
 - 4s - loss: 0.3746 - acc: 0.9095 - val_loss: 0.2907 - val_acc: 0.9336
Epoch 4/50
 - 4s - loss: 0.3251 - acc: 0.9192 - val_loss: 0.2741 - val_acc: 0.9310
Epoch 5/50
 - 4s - loss: 0.2948 - acc: 0.9310 - val_loss: 0.2573 - val_acc: 0.9386
Epoch 6/50
 - 4s - loss: 0.2784 - acc: 0.9357 - val_loss: 0.2508 - val_acc: 0.9468
Epoch 7/50
 - 4s - loss: 0.2579 - acc: 0.9386 - val_loss: 0.2453 - val_acc: 0.9436
Epoch 8/50
 - 4s - loss: 0.2497 - acc: 0.9431 - val_loss: 0.2436 - val_acc: 0.9352
Epoch 9/50
 - 4s - loss: 0.2329 - acc: 0.9446 - val_loss: 0.2315 - val_acc: 0.9426
Epoch 10/50
 - 4s - loss: 0.2219 - acc: 0.9482 - val_loss: 0.2420 - val_acc: 0.9368
Epoch 11/50
 - 4s - loss: 0.2223 - acc: 0.9488 - val_loss: 0.2957 - val_acc: 0.9254
Epoch 12/50
 - 4s - loss: 0.2160 - acc: 0.9530 - val_loss: 0.3359 - val_acc: 0.9324
Epoch 13/50
 - 4s - loss: 0.2040 - acc: 0.9517 - val_loss: 0.2637 - val_acc: 0.9386
Epoch 00013: early stopping
Train on 10252 samples, validate on 5000 samples
Epoch 1/50
 - 21s - loss: 1.0173 - acc: 0.7247 - val_loss: 0.4711 - val_acc: 0.9356
Epoch 2/50
 - 4s - loss: 0.4389 - acc: 0.9083 - val_loss: 0.3396 - val_acc: 0.9440
Epoch 3/50
 - 4s - loss: 0.3610 - acc: 0.9112 - val_loss: 0.3232 - val_acc: 0.9332
Epoch 4/50
 - 4s - loss: 0.3136 - acc: 0.9203 - val_loss: 0.2752 - val_acc: 0.9320
Epoch 5/50
 - 4s - loss: 0.2824 - acc: 0.9310 - val_loss: 0.2479 - val_acc: 0.9388
Epoch 6/50
 - 4s - loss: 0.2621 - acc: 0.9365 - val_loss: 0.2321 - val_acc: 0.9494
Epoch 7/50
 - 4s - loss: 0.2516 - acc: 0.9373 - val_loss: 0.2169 - val_acc: 0.9562
Epoch 8/50
 - 4s - loss: 0.2340 - acc: 0.9423 - val_loss: 0.2112 - val_acc: 0.9550
Epoch 9/50
 - 4s - loss: 0.2200 - acc: 0.9448 - val_loss: 0.2176 - val_acc: 0.9484
Epoch 10/50
 - 4s - loss: 0.2183 - acc: 0.9467 - val_loss: 0.2029 - val_acc: 0.9530
Epoch 11/50
 - 4s - loss: 0.2152 - acc: 0.9480 - val_loss: 0.2228 - val_acc: 0.9416
Epoch 00011: early stopping
Train on 10252 samples, validate on 5000 samples
Epoch 1/50
 - 21s - loss: 0.9915 - acc: 0.7678 - val_loss: 0.3990 - val_acc: 0.9436
Epoch 2/50
 - 4s - loss: 0.4685 - acc: 0.9020 - val_loss: 0.3215 - val_acc: 0.9326
Epoch 3/50
 - 4s - loss: 0.3465 - acc: 0.9178 - val_loss: 0.3173 - val_acc: 0.9248
Epoch 4/50
 - 4s - loss: 0.2999 - acc: 0.9272 - val_loss: 0.2618 - val_acc: 0.9424
Epoch 5/50
 - 4s - loss: 0.2771 - acc: 0.9307 - val_loss: 0.2640 - val_acc: 0.9400
Epoch 6/50
 - 4s - loss: 0.2554 - acc: 0.9338 - val_loss: 0.2326 - val_acc: 0.9480
Epoch 7/50
 - 4s - loss: 0.2510 - acc: 0.9385 - val_loss: 0.2221 - val_acc: 0.9514
Epoch 8/50
 - 4s - loss: 0.2360 - acc: 0.9413 - val_loss: 0.2200 - val_acc: 0.9500
Epoch 9/50
 - 4s - loss: 0.2245 - acc: 0.9455 - val_loss: 0.2529 - val_acc: 0.9402
Epoch 10/50
 - 4s - loss: 0.2188 - acc: 0.9447 - val_loss: 0.2706 - val_acc: 0.9430
Epoch 00010: early stopping
Train on 10252 samples, validate on 5000 samples
Epoch 1/50
 - 21s - loss: 1.0383 - acc: 0.7256 - val_loss: 0.4156 - val_acc: 0.9436
Epoch 2/50
 - 4s - loss: 0.4296 - acc: 0.9073 - val_loss: 0.3022 - val_acc: 0.9422
Epoch 3/50
 - 4s - loss: 0.3466 - acc: 0.9199 - val_loss: 0.2748 - val_acc: 0.9398
Epoch 4/50
 - 4s - loss: 0.3111 - acc: 0.9252 - val_loss: 0.2487 - val_acc: 0.9482
Epoch 5/50
 - 4s - loss: 0.2812 - acc: 0.9318 - val_loss: 0.2534 - val_acc: 0.9394
Epoch 6/50
 - 4s - loss: 0.2584 - acc: 0.9384 - val_loss: 0.2415 - val_acc: 0.9416
Epoch 7/50
 - 4s - loss: 0.2463 - acc: 0.9429 - val_loss: 0.2629 - val_acc: 0.9274
Epoch 8/50
 - 4s - loss: 0.2353 - acc: 0.9438 - val_loss: 0.2430 - val_acc: 0.9418
Epoch 00008: early stopping
Train on 10252 samples, validate on 5000 samples
Epoch 1/50
 - 21s - loss: 1.0420 - acc: 0.7231 - val_loss: 0.4096 - val_acc: 0.9288
Epoch 2/50
 - 4s - loss: 0.4444 - acc: 0.9028 - val_loss: 0.3201 - val_acc: 0.9388
Epoch 3/50
 - 4s - loss: 0.3427 - acc: 0.9187 - val_loss: 0.2714 - val_acc: 0.9402
Epoch 4/50
 - 4s - loss: 0.2979 - acc: 0.9266 - val_loss: 0.2416 - val_acc: 0.9460
Epoch 5/50
 - 4s - loss: 0.2750 - acc: 0.9328 - val_loss: 0.2469 - val_acc: 0.9404
Epoch 6/50
 - 4s - loss: 0.2577 - acc: 0.9351 - val_loss: 0.2470 - val_acc: 0.9388
Epoch 7/50
 - 4s - loss: 0.2433 - acc: 0.9389 - val_loss: 0.2447 - val_acc: 0.9446
Epoch 8/50
 - 4s - loss: 0.2316 - acc: 0.9425 - val_loss: 0.2152 - val_acc: 0.9500
Epoch 9/50
 - 4s - loss: 0.2288 - acc: 0.9438 - val_loss: 0.2098 - val_acc: 0.9532
Epoch 10/50
 - 4s - loss: 0.2165 - acc: 0.9494 - val_loss: 0.2039 - val_acc: 0.9562
Epoch 11/50
 - 4s - loss: 0.2100 - acc: 0.9479 - val_loss: 0.2467 - val_acc: 0.9414
Epoch 12/50
 - 4s - loss: 0.2101 - acc: 0.9472 - val_loss: 0.2309 - val_acc: 0.9434
Epoch 00012: early stopping
Train on 10252 samples, validate on 5000 samples
Epoch 1/50
 - 22s - loss: 1.1167 - acc: 0.6535 - val_loss: 0.3942 - val_acc: 0.9426
Epoch 2/50
 - 4s - loss: 0.4361 - acc: 0.9019 - val_loss: 0.3234 - val_acc: 0.9282
Epoch 3/50
 - 4s - loss: 0.3617 - acc: 0.9110 - val_loss: 0.2953 - val_acc: 0.9314
Epoch 4/50
 - 4s - loss: 0.3155 - acc: 0.9202 - val_loss: 0.2680 - val_acc: 0.9408
Epoch 5/50
 - 4s - loss: 0.2889 - acc: 0.9271 - val_loss: 0.2647 - val_acc: 0.9348
Epoch 6/50
 - 4s - loss: 0.2673 - acc: 0.9347 - val_loss: 0.2388 - val_acc: 0.9398
Epoch 7/50
 - 4s - loss: 0.2499 - acc: 0.9397 - val_loss: 0.2281 - val_acc: 0.9454
Epoch 8/50
 - 4s - loss: 0.2394 - acc: 0.9434 - val_loss: 0.2340 - val_acc: 0.9370
Epoch 9/50
 - 4s - loss: 0.2363 - acc: 0.9439 - val_loss: 0.2428 - val_acc: 0.9316
Epoch 10/50
 - 4s - loss: 0.2270 - acc: 0.9450 - val_loss: 0.2421 - val_acc: 0.9316
Epoch 00010: early stopping
Train on 10252 samples, validate on 5000 samples
Epoch 1/50
 - 22s - loss: 1.0846 - acc: 0.6854 - val_loss: 0.3887 - val_acc: 0.9388
Epoch 2/50
 - 4s - loss: 0.4480 - acc: 0.9007 - val_loss: 0.2926 - val_acc: 0.9436
Epoch 3/50
 - 4s - loss: 0.3455 - acc: 0.9166 - val_loss: 0.2885 - val_acc: 0.9246
Epoch 4/50
 - 4s - loss: 0.3077 - acc: 0.9250 - val_loss: 0.2645 - val_acc: 0.9266
Epoch 5/50
 - 4s - loss: 0.2855 - acc: 0.9295 - val_loss: 0.2739 - val_acc: 0.9336
Epoch 6/50
 - 4s - loss: 0.2577 - acc: 0.9398 - val_loss: 0.2732 - val_acc: 0.9344
Epoch 7/50
 - 4s - loss: 0.2480 - acc: 0.9415 - val_loss: 0.2748 - val_acc: 0.9332
Epoch 8/50
 - 4s - loss: 0.2475 - acc: 0.9419 - val_loss: 0.2322 - val_acc: 0.9428
Epoch 9/50
 - 4s - loss: 0.2353 - acc: 0.9436 - val_loss: 0.2269 - val_acc: 0.9442
Epoch 10/50
 - 4s - loss: 0.2262 - acc: 0.9477 - val_loss: 0.2148 - val_acc: 0.9500
Epoch 11/50
 - 4s - loss: 0.2228 - acc: 0.9474 - val_loss: 0.2137 - val_acc: 0.9466
Epoch 12/50
 - 4s - loss: 0.2165 - acc: 0.9483 - val_loss: 0.2323 - val_acc: 0.9426
Epoch 00012: early stopping
Train on 10252 samples, validate on 5000 samples
Epoch 1/50
 - 22s - loss: 1.0281 - acc: 0.7351 - val_loss: 0.4454 - val_acc: 0.9284
Epoch 2/50
 - 4s - loss: 0.4452 - acc: 0.9031 - val_loss: 0.3232 - val_acc: 0.9278
Epoch 3/50
 - 4s - loss: 0.3520 - acc: 0.9185 - val_loss: 0.2871 - val_acc: 0.9354
Epoch 4/50
 - 4s - loss: 0.2987 - acc: 0.9269 - val_loss: 0.2591 - val_acc: 0.9406
Epoch 5/50
 - 4s - loss: 0.2704 - acc: 0.9340 - val_loss: 0.2385 - val_acc: 0.9426
Epoch 6/50
 - 4s - loss: 0.2650 - acc: 0.9351 - val_loss: 0.2217 - val_acc: 0.9532
Epoch 7/50
 - 4s - loss: 0.2508 - acc: 0.9369 - val_loss: 0.2223 - val_acc: 0.9538
Epoch 8/50
 - 4s - loss: 0.2442 - acc: 0.9402 - val_loss: 0.2244 - val_acc: 0.9456
Epoch 9/50
 - 4s - loss: 0.2306 - acc: 0.9440 - val_loss: 0.2248 - val_acc: 0.9462
Epoch 00009: early stopping
Train on 10252 samples, validate on 5000 samples
Epoch 1/50
 - 22s - loss: 0.9565 - acc: 0.7592 - val_loss: 0.3847 - val_acc: 0.9404
Epoch 2/50
 - 4s - loss: 0.4459 - acc: 0.9068 - val_loss: 0.3212 - val_acc: 0.9396
Epoch 3/50
 - 4s - loss: 0.3780 - acc: 0.9107 - val_loss: 0.2763 - val_acc: 0.9446
Epoch 4/50
 - 4s - loss: 0.3217 - acc: 0.9212 - val_loss: 0.2532 - val_acc: 0.9460
Epoch 5/50
 - 4s - loss: 0.2905 - acc: 0.9301 - val_loss: 0.2468 - val_acc: 0.9404
Epoch 6/50
 - 4s - loss: 0.2742 - acc: 0.9317 - val_loss: 0.2537 - val_acc: 0.9392
Epoch 7/50
 - 4s - loss: 0.2738 - acc: 0.9300 - val_loss: 0.2258 - val_acc: 0.9434
Epoch 8/50
 - 4s - loss: 0.2505 - acc: 0.9389 - val_loss: 0.2604 - val_acc: 0.9362
Epoch 9/50
 - 4s - loss: 0.2414 - acc: 0.9425 - val_loss: 0.2346 - val_acc: 0.9404
Epoch 10/50
 - 4s - loss: 0.2314 - acc: 0.9449 - val_loss: 0.2274 - val_acc: 0.9418
Epoch 11/50
 - 4s - loss: 0.2227 - acc: 0.9462 - val_loss: 0.2172 - val_acc: 0.9436
Epoch 00011: early stopping
Train on 10252 samples, validate on 5000 samples
Epoch 1/50
 - 22s - loss: 0.9655 - acc: 0.7636 - val_loss: 0.4278 - val_acc: 0.9372
Epoch 2/50
 - 4s - loss: 0.4585 - acc: 0.9059 - val_loss: 0.3717 - val_acc: 0.9204
Epoch 3/50
 - 4s - loss: 0.3609 - acc: 0.9180 - val_loss: 0.3006 - val_acc: 0.9326
Epoch 4/50
 - 4s - loss: 0.3216 - acc: 0.9219 - val_loss: 0.2811 - val_acc: 0.9404
Epoch 5/50
 - 4s - loss: 0.2934 - acc: 0.9252 - val_loss: 0.2810 - val_acc: 0.9372
Epoch 6/50
 - 4s - loss: 0.2720 - acc: 0.9325 - val_loss: 0.2547 - val_acc: 0.9404
Epoch 7/50
 - 4s - loss: 0.2535 - acc: 0.9363 - val_loss: 0.2524 - val_acc: 0.9348
Epoch 8/50
 - 4s - loss: 0.2454 - acc: 0.9389 - val_loss: 0.2197 - val_acc: 0.9514
Epoch 9/50
 - 4s - loss: 0.2346 - acc: 0.9422 - val_loss: 0.2138 - val_acc: 0.9476
Epoch 10/50
 - 4s - loss: 0.2293 - acc: 0.9416 - val_loss: 0.2175 - val_acc: 0.9436
Epoch 11/50
 - 4s - loss: 0.2189 - acc: 0.9454 - val_loss: 0.2129 - val_acc: 0.9446
Epoch 12/50
 - 4s - loss: 0.2145 - acc: 0.9466 - val_loss: 0.1999 - val_acc: 0.9514
/usr/local/lib/python3.5/dist-packages/h5py/__init__.py:36: FutureWarning: Conversion of the second argument of issubdtype from `float` to `np.floating` is deprecated. In future, it will be treated as `np.float64 == np.dtype(float).type`.
  from ._conv import register_converters as _register_converters
Using TensorFlow backend.
/home/lab307/PycharmProjects/ECG/model/attention_model.py:136: UserWarning: Update your `Conv1D` call to the Keras 2 API: `Conv1D(padding="same", activation="relu", kernel_size=3, strides=2, filters=64)`
  strides=2, padding='same', activation='relu')(input_name_list[0])
/home/lab307/PycharmProjects/ECG/model/attention_model.py:136: UserWarning: Update your `Conv1D` call to the Keras 2 API: `Conv1D(padding="same", activation="relu", kernel_size=3, strides=2, filters=32)`
  strides=2, padding='same', activation='relu')(input_name_list[0])
/home/lab307/PycharmProjects/ECG/model/attention_model.py:136: UserWarning: Update your `Conv1D` call to the Keras 2 API: `Conv1D(padding="same", activation="relu", kernel_size=3, strides=2, filters=16)`
  strides=2, padding='same', activation='relu')(input_name_list[0])
/home/lab307/PycharmProjects/ECG/model/attention_model.py:136: UserWarning: Update your `Conv1D` call to the Keras 2 API: `Conv1D(padding="same", activation="relu", kernel_size=3, strides=2, filters=8)`
  strides=2, padding='same', activation='relu')(input_name_list[0])
/home/lab307/PycharmProjects/ECG/model/attention_model.py:136: UserWarning: Update your `Conv1D` call to the Keras 2 API: `Conv1D(padding="same", activation="relu", kernel_size=3, strides=2, filters=4)`
  strides=2, padding='same', activation='relu')(input_name_list[0])
/home/lab307/PycharmProjects/ECG/model/attention_model.py:136: UserWarning: Update your `Conv1D` call to the Keras 2 API: `Conv1D(padding="same", activation="relu", kernel_size=3, strides=2, filters=128)`
  strides=2, padding='same', activation='relu')(input_name_list[0])
/home/lab307/PycharmProjects/ECG/model/attention_single.py:78: UserWarning: Update your `Conv1D` call to the Keras 2 API: `Conv1D(padding="same", activation="relu", kernel_size=3, strides=2, filters=64)`
  strides=2, padding='same', activation='relu')(input_name_list[0])
/home/lab307/PycharmProjects/ECG/model/attention_single.py:78: UserWarning: Update your `Conv1D` call to the Keras 2 API: `Conv1D(padding="same", activation="relu", kernel_size=3, strides=2, filters=32)`
  strides=2, padding='same', activation='relu')(input_name_list[0])
/home/lab307/PycharmProjects/ECG/model/attention_single.py:78: UserWarning: Update your `Conv1D` call to the Keras 2 API: `Conv1D(padding="same", activation="relu", kernel_size=3, strides=2, filters=16)`
  strides=2, padding='same', activation='relu')(input_name_list[0])
Epoch 00012: early stopping
Job end!
