***********************************************
*********  START    TEST     PROJECT  *********
***********************************************
2019-04-13 18:19:45.851445: I tensorflow/core/platform/cpu_feature_guard.cc:140] Your CPU supports instructions that this TensorFlow binary was not compiled to use: AVX2 FMA
2019-04-13 18:19:45.939579: I tensorflow/stream_executor/cuda/cuda_gpu_executor.cc:898] successful NUMA node read from SysFS had negative value (-1), but there must be at least one NUMA node, so returning NUMA node zero
2019-04-13 18:19:45.939935: I tensorflow/core/common_runtime/gpu/gpu_device.cc:1356] Found device 0 with properties: 
name: GeForce GTX 1080 Ti major: 6 minor: 1 memoryClockRate(GHz): 1.683
pciBusID: 0000:01:00.0
totalMemory: 10.91GiB freeMemory: 10.21GiB
2019-04-13 18:19:45.939947: I tensorflow/core/common_runtime/gpu/gpu_device.cc:1435] Adding visible gpu devices: 0
2019-04-13 18:19:46.085731: I tensorflow/core/common_runtime/gpu/gpu_device.cc:923] Device interconnect StreamExecutor with strength 1 edge matrix:
2019-04-13 18:19:46.085763: I tensorflow/core/common_runtime/gpu/gpu_device.cc:929]      0 
2019-04-13 18:19:46.085769: I tensorflow/core/common_runtime/gpu/gpu_device.cc:942] 0:   N 
2019-04-13 18:19:46.085931: I tensorflow/core/common_runtime/gpu/gpu_device.cc:1053] Created TensorFlow device (/job:localhost/replica:0/task:0/device:GPU:0 with 9880 MB memory) -> physical GPU (device: 0, name: GeForce GTX 1080 Ti, pci bus id: 0000:01:00.0, compute capability: 6.1)
rebuild folders...
generate samples...
samples have generated!
data_key: ['CA5', 'CD1', 'CD2', 'CD3', 'CD4', 'CD5']
input_shape_list: [(68, 1), (1080, 1), (540, 1), (270, 1), (135, 1), (68, 1)]
Train on 4500 samples, validate on 2250 samples
Epoch 1/100
 - 41s - loss: 2.1855 - acc: 0.4298 - val_loss: 15.3759 - val_acc: 0.0298
Epoch 2/100
 - 37s - loss: 0.9225 - acc: 0.7704 - val_loss: 11.8354 - val_acc: 0.1947
Epoch 3/100
 - 37s - loss: 0.5786 - acc: 0.8764 - val_loss: 9.9606 - val_acc: 0.1844
Epoch 4/100
 - 37s - loss: 0.4076 - acc: 0.9227 - val_loss: 14.7160 - val_acc: 0.0667
Epoch 5/100
 - 37s - loss: 0.2946 - acc: 0.9471 - val_loss: 2.0684 - val_acc: 0.5018
Epoch 6/100
 - 37s - loss: 0.2281 - acc: 0.9624 - val_loss: 7.3525 - val_acc: 0.2436
Epoch 7/100
 - 37s - loss: 0.2034 - acc: 0.9658 - val_loss: 11.3146 - val_acc: 0.0813
Epoch 8/100
 - 37s - loss: 0.1723 - acc: 0.9720 - val_loss: 4.0287 - val_acc: 0.3436
Epoch 9/100
 - 37s - loss: 0.1633 - acc: 0.9744 - val_loss: 1.9714 - val_acc: 0.5649
Epoch 10/100
 - 37s - loss: 0.1513 - acc: 0.9762 - val_loss: 9.9600 - val_acc: 0.0982
Epoch 11/100
 - 37s - loss: 0.1387 - acc: 0.9780 - val_loss: 3.6762 - val_acc: 0.3587
Epoch 12/100
 - 37s - loss: 0.1317 - acc: 0.9789 - val_loss: 8.4544 - val_acc: 0.2436
Epoch 13/100
 - 37s - loss: 0.1446 - acc: 0.9762 - val_loss: 10.5342 - val_acc: 0.1529
Epoch 14/100
 - 37s - loss: 0.1217 - acc: 0.9778 - val_loss: 2.5361 - val_acc: 0.5147
Epoch 15/100
 - 37s - loss: 0.1206 - acc: 0.9811 - val_loss: 4.1021 - val_acc: 0.4222
Epoch 16/100
 - 37s - loss: 0.1112 - acc: 0.9818 - val_loss: 4.9588 - val_acc: 0.3840
Epoch 17/100
 - 39s - loss: 0.0981 - acc: 0.9844 - val_loss: 3.1981 - val_acc: 0.5053
Epoch 18/100
 - 39s - loss: 0.1083 - acc: 0.9844 - val_loss: 15.0454 - val_acc: 0.0222
Epoch 19/100
 - 38s - loss: 0.1076 - acc: 0.9791 - val_loss: 5.9057 - val_acc: 0.3516
Epoch 20/100
 - 37s - loss: 0.1246 - acc: 0.9789 - val_loss: 5.2060 - val_acc: 0.3053
Epoch 21/100
 - 38s - loss: 0.0929 - acc: 0.9864 - val_loss: 5.9923 - val_acc: 0.3493
Epoch 22/100
 - 37s - loss: 0.1015 - acc: 0.9813 - val_loss: 13.8754 - val_acc: 0.0627
Epoch 23/100
 - 38s - loss: 0.0920 - acc: 0.9853 - val_loss: 14.2066 - val_acc: 0.0693
Epoch 24/100
 - 37s - loss: 0.0970 - acc: 0.9860 - val_loss: 11.2510 - val_acc: 0.1418
Epoch 25/100
 - 37s - loss: 0.0888 - acc: 0.9871 - val_loss: 11.4257 - val_acc: 0.1204
Epoch 26/100
 - 38s - loss: 0.0945 - acc: 0.9849 - val_loss: 7.3447 - val_acc: 0.2604
Epoch 27/100
 - 37s - loss: 0.0892 - acc: 0.9833 - val_loss: 13.8881 - val_acc: 0.0849
Epoch 28/100
 - 37s - loss: 0.0858 - acc: 0.9853 - val_loss: 12.9338 - val_acc: 0.0929
Epoch 29/100
 - 38s - loss: 0.0917 - acc: 0.9844 - val_loss: 5.7512 - val_acc: 0.3698
Epoch 30/100
 - 37s - loss: 0.0939 - acc: 0.9849 - val_loss: 10.9889 - val_acc: 0.1427
Epoch 31/100
 - 37s - loss: 0.0879 - acc: 0.9871 - val_loss: 9.6680 - val_acc: 0.2249
Epoch 32/100
 - 37s - loss: 0.0699 - acc: 0.9898 - val_loss: 1.9976 - val_acc: 0.5867
Epoch 33/100
 - 37s - loss: 0.0854 - acc: 0.9873 - val_loss: 9.7532 - val_acc: 0.1898
Epoch 34/100
 - 37s - loss: 0.0863 - acc: 0.9871 - val_loss: 3.3185 - val_acc: 0.5969
Epoch 35/100
 - 37s - loss: 0.0692 - acc: 0.9900 - val_loss: 7.3041 - val_acc: 0.3271
Epoch 36/100
 - 38s - loss: 0.0813 - acc: 0.9887 - val_loss: 15.2765 - val_acc: 0.0373
Epoch 37/100
 - 37s - loss: 0.0702 - acc: 0.9896 - val_loss: 1.1740 - val_acc: 0.7356
Epoch 38/100
 - 37s - loss: 0.0769 - acc: 0.9864 - val_loss: 7.2472 - val_acc: 0.2742
Epoch 39/100
 - 37s - loss: 0.0714 - acc: 0.9891 - val_loss: 3.8076 - val_acc: 0.5427
Epoch 40/100
 - 37s - loss: 0.0754 - acc: 0.9873 - val_loss: 14.2291 - val_acc: 0.0680
Epoch 41/100
 - 37s - loss: 0.0677 - acc: 0.9909 - val_loss: 13.8444 - val_acc: 0.0733
Epoch 42/100
 - 37s - loss: 0.0758 - acc: 0.9882 - val_loss: 11.0539 - val_acc: 0.2191
Epoch 43/100
 - 37s - loss: 0.0743 - acc: 0.9873 - val_loss: 6.1222 - val_acc: 0.3280
Epoch 44/100
 - 37s - loss: 0.0652 - acc: 0.9902 - val_loss: 5.6507 - val_acc: 0.3036
Epoch 45/100
 - 37s - loss: 0.0654 - acc: 0.9904 - val_loss: 4.3285 - val_acc: 0.3773
Epoch 46/100
 - 37s - loss: 0.0602 - acc: 0.9893 - val_loss: 5.5030 - val_acc: 0.4062
Epoch 47/100
 - 37s - loss: 0.0953 - acc: 0.9829 - val_loss: 9.8702 - val_acc: 0.1756
Epoch 48/100
 - 37s - loss: 0.0715 - acc: 0.9882 - val_loss: 3.8462 - val_acc: 0.4493
Epoch 49/100
 - 37s - loss: 0.0789 - acc: 0.9878 - val_loss: 4.9458 - val_acc: 0.4080
Epoch 50/100
 - 37s - loss: 0.0681 - acc: 0.9889 - val_loss: 12.2481 - val_acc: 0.1498
Epoch 51/100
 - 37s - loss: 0.0729 - acc: 0.9884 - val_loss: 6.2847 - val_acc: 0.3178
Epoch 52/100
 - 37s - loss: 0.0587 - acc: 0.9911 - val_loss: 5.5920 - val_acc: 0.3444
Epoch 53/100
 - 37s - loss: 0.0692 - acc: 0.9873 - val_loss: 4.3003 - val_acc: 0.3982
Epoch 54/100
 - 37s - loss: 0.0674 - acc: 0.9900 - val_loss: 11.0121 - val_acc: 0.1778
Epoch 55/100
 - 37s - loss: 0.0614 - acc: 0.9900 - val_loss: 2.8343 - val_acc: 0.5471
Epoch 56/100
 - 37s - loss: 0.0670 - acc: 0.9882 - val_loss: 1.9774 - val_acc: 0.7169
Epoch 57/100
 - 37s - loss: 0.0856 - acc: 0.9844 - val_loss: 7.3910 - val_acc: 0.3378
Epoch 58/100
 - 37s - loss: 0.0603 - acc: 0.9902 - val_loss: 7.0367 - val_acc: 0.2462
Epoch 59/100
 - 37s - loss: 0.0671 - acc: 0.9896 - val_loss: 5.6679 - val_acc: 0.3951
Epoch 60/100
 - 37s - loss: 0.0556 - acc: 0.9929 - val_loss: 13.5033 - val_acc: 0.0756
Epoch 61/100
 - 37s - loss: 0.0681 - acc: 0.9889 - val_loss: 8.4068 - val_acc: 0.2471
Epoch 62/100
 - 37s - loss: 0.0567 - acc: 0.9902 - val_loss: 5.1701 - val_acc: 0.3791
Epoch 63/100
 - 37s - loss: 0.0566 - acc: 0.9920 - val_loss: 13.2691 - val_acc: 0.1071
Epoch 64/100
 - 37s - loss: 0.0658 - acc: 0.9902 - val_loss: 2.2372 - val_acc: 0.6507
Epoch 65/100
 - 37s - loss: 0.0630 - acc: 0.9902 - val_loss: 10.9215 - val_acc: 0.2178
Epoch 66/100
 - 37s - loss: 0.0657 - acc: 0.9880 - val_loss: 3.3428 - val_acc: 0.4836
Epoch 67/100
 - 37s - loss: 0.0552 - acc: 0.9902 - val_loss: 12.4712 - val_acc: 0.1204
Epoch 68/100
 - 37s - loss: 0.0631 - acc: 0.9904 - val_loss: 7.6933 - val_acc: 0.3316
Epoch 69/100
 - 37s - loss: 0.0693 - acc: 0.9893 - val_loss: 12.2068 - val_acc: 0.1396
Epoch 70/100
 - 37s - loss: 0.0576 - acc: 0.9913 - val_loss: 7.5637 - val_acc: 0.3338
Epoch 71/100
 - 37s - loss: 0.0604 - acc: 0.9896 - val_loss: 14.0501 - val_acc: 0.0604
Epoch 72/100
 - 37s - loss: 0.0635 - acc: 0.9902 - val_loss: 6.5478 - val_acc: 0.3480
Epoch 73/100
 - 37s - loss: 0.0549 - acc: 0.9904 - val_loss: 7.9843 - val_acc: 0.3142
Epoch 74/100
 - 37s - loss: 0.0492 - acc: 0.9918 - val_loss: 2.1019 - val_acc: 0.6271
Epoch 75/100
 - 37s - loss: 0.0620 - acc: 0.9898 - val_loss: 3.5226 - val_acc: 0.4684
Epoch 76/100
 - 37s - loss: 0.0563 - acc: 0.9909 - val_loss: 1.8906 - val_acc: 0.6551
Epoch 77/100
 - 37s - loss: 0.0672 - acc: 0.9871 - val_loss: 13.7790 - val_acc: 0.0862
Epoch 78/100
 - 37s - loss: 0.0528 - acc: 0.9933 - val_loss: 5.4193 - val_acc: 0.4636
Epoch 79/100
 - 37s - loss: 0.0583 - acc: 0.9900 - val_loss: 13.6400 - val_acc: 0.0791
Epoch 80/100
 - 37s - loss: 0.0556 - acc: 0.9916 - val_loss: 1.6783 - val_acc: 0.7418
Epoch 81/100
 - 37s - loss: 0.0595 - acc: 0.9893 - val_loss: 14.9800 - val_acc: 0.0604
Epoch 82/100
 - 37s - loss: 0.0606 - acc: 0.9900 - val_loss: 6.2360 - val_acc: 0.3733
Epoch 83/100
 - 37s - loss: 0.0620 - acc: 0.9902 - val_loss: 2.2844 - val_acc: 0.6787
Epoch 84/100
 - 37s - loss: 0.0607 - acc: 0.9907 - val_loss: 5.9578 - val_acc: 0.4404
Epoch 85/100
 - 37s - loss: 0.0469 - acc: 0.9924 - val_loss: 6.9462 - val_acc: 0.3227
Epoch 86/100
 - 37s - loss: 0.0680 - acc: 0.9880 - val_loss: 14.8219 - val_acc: 0.0409
Epoch 87/100
 - 37s - loss: 0.0602 - acc: 0.9916 - val_loss: 8.8965 - val_acc: 0.2369
Epoch 88/100
 - 37s - loss: 0.0582 - acc: 0.9900 - val_loss: 4.2915 - val_acc: 0.5089
Epoch 89/100
 - 37s - loss: 0.0531 - acc: 0.9924 - val_loss: 7.3244 - val_acc: 0.3898
Epoch 90/100
 - 37s - loss: 0.0732 - acc: 0.9889 - val_loss: 3.4658 - val_acc: 0.5249
Epoch 91/100
 - 37s - loss: 0.0711 - acc: 0.9891 - val_loss: 2.8130 - val_acc: 0.5836
Epoch 92/100
 - 37s - loss: 0.0609 - acc: 0.9904 - val_loss: 8.6779 - val_acc: 0.3018
Epoch 93/100
 - 37s - loss: 0.0608 - acc: 0.9893 - val_loss: 0.6773 - val_acc: 0.8604
Epoch 94/100
 - 37s - loss: 0.0482 - acc: 0.9933 - val_loss: 6.9016 - val_acc: 0.4316
Epoch 95/100
 - 37s - loss: 0.0558 - acc: 0.9922 - val_loss: 12.8151 - val_acc: 0.1267
Epoch 96/100
 - 37s - loss: 0.0507 - acc: 0.9931 - val_loss: 13.2565 - val_acc: 0.1258
Epoch 97/100
 - 37s - loss: 0.0565 - acc: 0.9902 - val_loss: 9.1259 - val_acc: 0.3298
Epoch 98/100
 - 37s - loss: 0.0477 - acc: 0.9944 - val_loss: 1.0543 - val_acc: 0.8373
Epoch 99/100
 - 37s - loss: 0.0529 - acc: 0.9896 - val_loss: 4.1131 - val_acc: 0.3840
Epoch 100/100
 - 37s - loss: 0.0488 - acc: 0.9916 - val_loss: 4.7388 - val_acc: 0.4911
data_key: ['CA5', 'CD1', 'CD2', 'CD3', 'CD4', 'CD5']
input_shape_list: [(68, 1), (1080, 1), (540, 1), (270, 1), (135, 1), (68, 1)]
Train on 4500 samples, validate on 2250 samples
Epoch 1/100
 - 41s - loss: 2.1773 - acc: 0.4433 - val_loss: 14.1784 - val_acc: 0.0862
Epoch 2/100
 - 37s - loss: 0.8906 - acc: 0.7764 - val_loss: 12.8056 - val_acc: 0.1160
Epoch 3/100
 - 37s - loss: 0.5149 - acc: 0.8984 - val_loss: 15.5663 - val_acc: 0.0409
Epoch 4/100
 - 37s - loss: 0.3710 - acc: 0.9284 - val_loss: 1.9871 - val_acc: 0.6267
Epoch 5/100
 - 37s - loss: 0.2857 - acc: 0.9482 - val_loss: 8.1348 - val_acc: 0.2373
Epoch 6/100
 - 37s - loss: 0.2225 - acc: 0.9618 - val_loss: 5.5695 - val_acc: 0.2396
Epoch 7/100
 - 37s - loss: 0.2022 - acc: 0.9671 - val_loss: 6.0461 - val_acc: 0.2613
Epoch 8/100
 - 37s - loss: 0.1624 - acc: 0.9749 - val_loss: 4.7402 - val_acc: 0.3493
Epoch 9/100
 - 37s - loss: 0.1530 - acc: 0.9749 - val_loss: 4.9834 - val_acc: 0.2716
Epoch 10/100
 - 37s - loss: 0.1381 - acc: 0.9771 - val_loss: 6.7132 - val_acc: 0.2631
Epoch 11/100
 - 37s - loss: 0.1354 - acc: 0.9787 - val_loss: 14.7421 - val_acc: 0.0382
Epoch 12/100
 - 37s - loss: 0.1386 - acc: 0.9782 - val_loss: 1.6334 - val_acc: 0.6284
Epoch 13/100
 - 37s - loss: 0.1254 - acc: 0.9780 - val_loss: 6.3232 - val_acc: 0.1778
Epoch 14/100
 - 37s - loss: 0.1376 - acc: 0.9749 - val_loss: 9.1539 - val_acc: 0.1840
Epoch 15/100
 - 37s - loss: 0.1008 - acc: 0.9842 - val_loss: 4.7799 - val_acc: 0.2911
Epoch 16/100
 - 37s - loss: 0.1287 - acc: 0.9791 - val_loss: 7.8898 - val_acc: 0.2747
Epoch 17/100
 - 37s - loss: 0.1146 - acc: 0.9829 - val_loss: 7.5897 - val_acc: 0.2667
Epoch 18/100
 - 37s - loss: 0.0949 - acc: 0.9856 - val_loss: 11.4880 - val_acc: 0.1640
Epoch 19/100
 - 37s - loss: 0.1007 - acc: 0.9842 - val_loss: 6.3449 - val_acc: 0.1964
Epoch 20/100
 - 37s - loss: 0.0853 - acc: 0.9871 - val_loss: 7.4323 - val_acc: 0.1978
Epoch 21/100
 - 37s - loss: 0.0881 - acc: 0.9858 - val_loss: 3.3822 - val_acc: 0.4431
Epoch 22/100
 - 37s - loss: 0.1019 - acc: 0.9831 - val_loss: 10.2192 - val_acc: 0.2796
Epoch 23/100
 - 37s - loss: 0.1039 - acc: 0.9838 - val_loss: 10.3904 - val_acc: 0.1551
Epoch 24/100
 - 37s - loss: 0.0822 - acc: 0.9878 - val_loss: 8.1117 - val_acc: 0.2662
Epoch 25/100
 - 37s - loss: 0.0955 - acc: 0.9847 - val_loss: 6.0442 - val_acc: 0.3218
Epoch 26/100
 - 37s - loss: 0.1216 - acc: 0.9798 - val_loss: 10.9209 - val_acc: 0.1547
Epoch 27/100
 - 37s - loss: 0.0871 - acc: 0.9856 - val_loss: 8.5329 - val_acc: 0.2529
Epoch 28/100
 - 37s - loss: 0.1028 - acc: 0.9816 - val_loss: 15.5703 - val_acc: 0.0302
Epoch 29/100
 - 37s - loss: 0.1010 - acc: 0.9829 - val_loss: 15.2883 - val_acc: 0.0333
Epoch 30/100
 - 37s - loss: 0.0928 - acc: 0.9838 - val_loss: 11.9925 - val_acc: 0.1529
Epoch 31/100
 - 37s - loss: 0.0893 - acc: 0.9864 - val_loss: 2.5344 - val_acc: 0.6062
Epoch 32/100
 - 37s - loss: 0.0787 - acc: 0.9900 - val_loss: 2.8297 - val_acc: 0.5240
Epoch 33/100
 - 37s - loss: 0.0730 - acc: 0.9871 - val_loss: 4.7794 - val_acc: 0.4213
Epoch 34/100
 - 37s - loss: 0.0814 - acc: 0.9862 - val_loss: 3.9206 - val_acc: 0.4760
Epoch 35/100
 - 37s - loss: 0.0761 - acc: 0.9869 - val_loss: 6.0120 - val_acc: 0.2511
Epoch 36/100
 - 37s - loss: 0.0711 - acc: 0.9902 - val_loss: 10.7510 - val_acc: 0.0667
Epoch 37/100
 - 37s - loss: 0.0812 - acc: 0.9873 - val_loss: 13.1380 - val_acc: 0.0658
Epoch 38/100
 - 37s - loss: 0.0724 - acc: 0.9884 - val_loss: 5.1699 - val_acc: 0.4116
Epoch 39/100
 - 37s - loss: 0.0826 - acc: 0.9871 - val_loss: 14.0968 - val_acc: 0.0662
Epoch 40/100
 - 37s - loss: 0.0745 - acc: 0.9878 - val_loss: 9.4342 - val_acc: 0.2004
Epoch 41/100
 - 37s - loss: 0.0679 - acc: 0.9884 - val_loss: 10.7686 - val_acc: 0.1756
Epoch 42/100
 - 37s - loss: 0.0762 - acc: 0.9889 - val_loss: 8.8920 - val_acc: 0.2156
Epoch 43/100
 - 37s - loss: 0.0804 - acc: 0.9871 - val_loss: 10.8146 - val_acc: 0.2036
Epoch 44/100
 - 37s - loss: 0.0780 - acc: 0.9864 - val_loss: 1.5833 - val_acc: 0.6556
Epoch 45/100
 - 37s - loss: 0.0624 - acc: 0.9904 - val_loss: 4.1753 - val_acc: 0.4289
Epoch 46/100
 - 37s - loss: 0.0847 - acc: 0.9849 - val_loss: 7.5583 - val_acc: 0.3507
Epoch 47/100
 - 37s - loss: 0.0759 - acc: 0.9878 - val_loss: 13.2750 - val_acc: 0.1124
Epoch 48/100
 - 37s - loss: 0.0636 - acc: 0.9893 - val_loss: 8.6261 - val_acc: 0.2884
Epoch 49/100
 - 37s - loss: 0.0671 - acc: 0.9902 - val_loss: 10.3762 - val_acc: 0.1360
Epoch 50/100
 - 37s - loss: 0.0784 - acc: 0.9864 - val_loss: 5.9879 - val_acc: 0.3800
Epoch 51/100
 - 37s - loss: 0.0768 - acc: 0.9860 - val_loss: 2.1334 - val_acc: 0.6476
Epoch 52/100
 - 37s - loss: 0.0633 - acc: 0.9900 - val_loss: 2.8692 - val_acc: 0.5680
Epoch 53/100
 - 37s - loss: 0.0845 - acc: 0.9856 - val_loss: 5.9972 - val_acc: 0.4449
Epoch 54/100
 - 37s - loss: 0.0729 - acc: 0.9864 - val_loss: 13.0979 - val_acc: 0.1498
Epoch 55/100
 - 37s - loss: 0.0695 - acc: 0.9907 - val_loss: 12.2649 - val_acc: 0.1827
Epoch 56/100
 - 37s - loss: 0.0716 - acc: 0.9871 - val_loss: 4.5235 - val_acc: 0.5004
Epoch 57/100
 - 37s - loss: 0.0730 - acc: 0.9891 - val_loss: 3.1590 - val_acc: 0.5284
Epoch 58/100
 - 37s - loss: 0.0596 - acc: 0.9911 - val_loss: 9.1011 - val_acc: 0.2213
Epoch 59/100
 - 37s - loss: 0.0717 - acc: 0.9873 - val_loss: 9.8044 - val_acc: 0.1982
Epoch 60/100
 - 37s - loss: 0.0607 - acc: 0.9911 - val_loss: 8.4884 - val_acc: 0.2809
Epoch 61/100
 - 37s - loss: 0.0789 - acc: 0.9860 - val_loss: 15.4323 - val_acc: 0.0431
Epoch 62/100
 - 37s - loss: 0.0602 - acc: 0.9900 - val_loss: 8.6275 - val_acc: 0.1707
Epoch 63/100
 - 37s - loss: 0.0618 - acc: 0.9922 - val_loss: 8.2745 - val_acc: 0.2587
Epoch 64/100
 - 37s - loss: 0.0585 - acc: 0.9920 - val_loss: 12.5276 - val_acc: 0.0889
Epoch 65/100
 - 37s - loss: 0.0650 - acc: 0.9880 - val_loss: 2.0102 - val_acc: 0.5929
Epoch 66/100
 - 37s - loss: 0.0615 - acc: 0.9889 - val_loss: 13.1106 - val_acc: 0.1511
Epoch 67/100
 - 37s - loss: 0.0578 - acc: 0.9913 - val_loss: 11.9677 - val_acc: 0.1538
Epoch 68/100
 - 37s - loss: 0.0560 - acc: 0.9922 - val_loss: 4.3655 - val_acc: 0.4951
Epoch 69/100
 - 37s - loss: 0.0499 - acc: 0.9933 - val_loss: 13.6724 - val_acc: 0.0911
Epoch 70/100
 - 37s - loss: 0.0709 - acc: 0.9882 - val_loss: 8.9365 - val_acc: 0.3156
Epoch 71/100
 - 37s - loss: 0.0617 - acc: 0.9911 - val_loss: 9.2393 - val_acc: 0.2862
Epoch 72/100
 - 37s - loss: 0.0559 - acc: 0.9911 - val_loss: 2.6197 - val_acc: 0.5471
Epoch 73/100
 - 37s - loss: 0.0614 - acc: 0.9900 - val_loss: 8.1655 - val_acc: 0.2662
Epoch 74/100
 - 37s - loss: 0.0553 - acc: 0.9913 - val_loss: 10.7391 - val_acc: 0.1996
Epoch 75/100
 - 37s - loss: 0.0522 - acc: 0.9911 - val_loss: 4.2618 - val_acc: 0.5369
Epoch 76/100
 - 37s - loss: 0.0597 - acc: 0.9904 - val_loss: 5.1313 - val_acc: 0.3147
Epoch 77/100
 - 37s - loss: 0.0675 - acc: 0.9878 - val_loss: 2.9311 - val_acc: 0.6009
Epoch 78/100
 - 37s - loss: 0.0502 - acc: 0.9931 - val_loss: 8.3077 - val_acc: 0.3160
Epoch 79/100
 - 37s - loss: 0.0551 - acc: 0.9904 - val_loss: 7.8065 - val_acc: 0.2782
Epoch 80/100
 - 37s - loss: 0.0530 - acc: 0.9911 - val_loss: 3.8861 - val_acc: 0.5960
Epoch 81/100
 - 37s - loss: 0.0615 - acc: 0.9907 - val_loss: 11.7246 - val_acc: 0.1947
Epoch 82/100
 - 37s - loss: 0.0530 - acc: 0.9920 - val_loss: 3.2537 - val_acc: 0.5604
Epoch 83/100
 - 37s - loss: 0.0571 - acc: 0.9927 - val_loss: 1.2704 - val_acc: 0.7440
Epoch 84/100
 - 37s - loss: 0.0663 - acc: 0.9889 - val_loss: 4.3677 - val_acc: 0.4058
Epoch 85/100
 - 37s - loss: 0.0541 - acc: 0.9920 - val_loss: 12.2266 - val_acc: 0.1044
Epoch 86/100
 - 37s - loss: 0.0553 - acc: 0.9898 - val_loss: 2.2177 - val_acc: 0.7053
Epoch 87/100
 - 37s - loss: 0.0458 - acc: 0.9938 - val_loss: 0.5161 - val_acc: 0.9018
Epoch 88/100
 - 37s - loss: 0.0437 - acc: 0.9931 - val_loss: 0.7215 - val_acc: 0.8471
Epoch 89/100
 - 37s - loss: 0.0498 - acc: 0.9916 - val_loss: 5.3993 - val_acc: 0.3867
Epoch 90/100
 - 37s - loss: 0.0618 - acc: 0.9900 - val_loss: 15.5463 - val_acc: 0.0276
Epoch 91/100
 - 37s - loss: 0.0578 - acc: 0.9909 - val_loss: 3.2740 - val_acc: 0.7107
Epoch 92/100
 - 37s - loss: 0.0608 - acc: 0.9898 - val_loss: 3.0663 - val_acc: 0.5840
Epoch 93/100
 - 37s - loss: 0.0539 - acc: 0.9911 - val_loss: 4.6023 - val_acc: 0.5009
Epoch 94/100
 - 37s - loss: 0.0430 - acc: 0.9931 - val_loss: 9.4152 - val_acc: 0.2164
Epoch 95/100
 - 37s - loss: 0.0586 - acc: 0.9893 - val_loss: 4.0823 - val_acc: 0.4969
Epoch 96/100
 - 37s - loss: 0.0510 - acc: 0.9920 - val_loss: 1.9791 - val_acc: 0.5742
Epoch 97/100
 - 37s - loss: 0.0505 - acc: 0.9913 - val_loss: 11.4068 - val_acc: 0.1889
Epoch 98/100
 - 37s - loss: 0.0573 - acc: 0.9924 - val_loss: 1.0448 - val_acc: 0.8044
Epoch 99/100
 - 37s - loss: 0.0506 - acc: 0.9920 - val_loss: 13.8591 - val_acc: 0.1022
Epoch 100/100
 - 37s - loss: 0.0448 - acc: 0.9927 - val_loss: 6.1188 - val_acc: 0.3942
data_key: ['CA5', 'CD1', 'CD2', 'CD3', 'CD4', 'CD5']
input_shape_list: [(68, 1), (1080, 1), (540, 1), (270, 1), (135, 1), (68, 1)]
Train on 4500 samples, validate on 2250 samples
Epoch 1/100
 - 41s - loss: 2.1486 - acc: 0.4496 - val_loss: 15.2364 - val_acc: 0.0489
Epoch 2/100
 - 37s - loss: 0.9367 - acc: 0.7624 - val_loss: 15.9055 - val_acc: 0.0244
Epoch 3/100
 - 37s - loss: 0.5642 - acc: 0.8833 - val_loss: 15.3657 - val_acc: 0.0476
Epoch 4/100
 - 37s - loss: 0.4115 - acc: 0.9213 - val_loss: 14.9386 - val_acc: 0.0609
Epoch 5/100
 - 37s - loss: 0.3015 - acc: 0.9451 - val_loss: 15.0657 - val_acc: 0.0418
Epoch 6/100
 - 37s - loss: 0.2380 - acc: 0.9600 - val_loss: 7.7124 - val_acc: 0.2102
Epoch 7/100
 - 37s - loss: 0.2342 - acc: 0.9598 - val_loss: 13.7483 - val_acc: 0.0764
Epoch 8/100
 - 37s - loss: 0.1813 - acc: 0.9724 - val_loss: 6.8885 - val_acc: 0.2582
Epoch 9/100
 - 37s - loss: 0.1762 - acc: 0.9691 - val_loss: 6.9645 - val_acc: 0.2253
Epoch 10/100
 - 37s - loss: 0.1475 - acc: 0.9778 - val_loss: 15.5244 - val_acc: 0.0298
Epoch 11/100
 - 37s - loss: 0.1428 - acc: 0.9793 - val_loss: 7.1360 - val_acc: 0.2964
Epoch 12/100
 - 37s - loss: 0.1423 - acc: 0.9762 - val_loss: 1.9278 - val_acc: 0.5951
Epoch 13/100
 - 37s - loss: 0.1339 - acc: 0.9776 - val_loss: 14.9098 - val_acc: 0.0560
Epoch 14/100
 - 37s - loss: 0.1055 - acc: 0.9842 - val_loss: 6.4058 - val_acc: 0.3120
Epoch 15/100
 - 37s - loss: 0.1188 - acc: 0.9816 - val_loss: 15.4966 - val_acc: 0.0378
Epoch 16/100
 - 37s - loss: 0.0989 - acc: 0.9840 - val_loss: 13.3734 - val_acc: 0.0738
Epoch 17/100
 - 37s - loss: 0.1245 - acc: 0.9767 - val_loss: 9.7135 - val_acc: 0.2289
Epoch 18/100
 - 37s - loss: 0.1227 - acc: 0.9813 - val_loss: 15.1680 - val_acc: 0.0396
Epoch 19/100
 - 37s - loss: 0.1181 - acc: 0.9824 - val_loss: 4.9722 - val_acc: 0.3089
Epoch 20/100
 - 37s - loss: 0.1091 - acc: 0.9829 - val_loss: 7.7507 - val_acc: 0.2462
Epoch 21/100
 - 37s - loss: 0.1064 - acc: 0.9820 - val_loss: 5.8716 - val_acc: 0.2627
Epoch 22/100
 - 37s - loss: 0.1050 - acc: 0.9824 - val_loss: 3.2383 - val_acc: 0.4956
Epoch 23/100
 - 37s - loss: 0.0997 - acc: 0.9829 - val_loss: 16.0906 - val_acc: 0.0040
Epoch 24/100
 - 37s - loss: 0.1057 - acc: 0.9829 - val_loss: 9.4544 - val_acc: 0.2044
Epoch 25/100
 - 37s - loss: 0.0893 - acc: 0.9876 - val_loss: 15.9733 - val_acc: 0.0111
Epoch 26/100
 - 37s - loss: 0.0920 - acc: 0.9853 - val_loss: 6.9970 - val_acc: 0.2800
Epoch 27/100
 - 37s - loss: 0.0805 - acc: 0.9893 - val_loss: 14.0462 - val_acc: 0.0671
Epoch 28/100
 - 37s - loss: 0.0776 - acc: 0.9867 - val_loss: 6.5907 - val_acc: 0.3142
Epoch 29/100
 - 37s - loss: 0.0815 - acc: 0.9893 - val_loss: 6.1257 - val_acc: 0.2782
Epoch 30/100
 - 37s - loss: 0.0711 - acc: 0.9900 - val_loss: 2.4246 - val_acc: 0.4991
Epoch 31/100
 - 37s - loss: 0.0645 - acc: 0.9896 - val_loss: 3.0175 - val_acc: 0.4773
Epoch 32/100
 - 37s - loss: 0.0654 - acc: 0.9904 - val_loss: 13.2424 - val_acc: 0.0622
Epoch 33/100
 - 37s - loss: 0.0786 - acc: 0.9867 - val_loss: 2.5369 - val_acc: 0.4956
Epoch 34/100
 - 37s - loss: 0.0711 - acc: 0.9893 - val_loss: 7.5331 - val_acc: 0.2653
Epoch 35/100
 - 37s - loss: 0.0738 - acc: 0.9873 - val_loss: 15.8160 - val_acc: 0.0209
Epoch 36/100
 - 37s - loss: 0.0757 - acc: 0.9878 - val_loss: 16.0633 - val_acc: 0.0049
Epoch 37/100
 - 37s - loss: 0.0696 - acc: 0.9878 - val_loss: 8.2593 - val_acc: 0.2929
Epoch 38/100
 - 37s - loss: 0.0719 - acc: 0.9884 - val_loss: 10.3437 - val_acc: 0.1778
Epoch 39/100
 - 37s - loss: 0.0722 - acc: 0.9880 - val_loss: 2.5829 - val_acc: 0.5302
Epoch 40/100
 - 37s - loss: 0.0732 - acc: 0.9876 - val_loss: 2.1512 - val_acc: 0.6262
Epoch 41/100
 - 37s - loss: 0.0798 - acc: 0.9876 - val_loss: 4.8854 - val_acc: 0.3987
Epoch 42/100
 - 37s - loss: 0.0596 - acc: 0.9918 - val_loss: 1.6286 - val_acc: 0.6876
Epoch 43/100
 - 37s - loss: 0.0699 - acc: 0.9869 - val_loss: 6.0341 - val_acc: 0.3369
Epoch 44/100
 - 37s - loss: 0.0650 - acc: 0.9900 - val_loss: 13.0396 - val_acc: 0.0662
Epoch 45/100
 - 37s - loss: 0.0752 - acc: 0.9880 - val_loss: 10.1063 - val_acc: 0.1716
Epoch 46/100
 - 37s - loss: 0.0647 - acc: 0.9893 - val_loss: 8.1146 - val_acc: 0.3449
Epoch 47/100
 - 37s - loss: 0.0698 - acc: 0.9882 - val_loss: 12.3469 - val_acc: 0.1040
Epoch 48/100
 - 37s - loss: 0.0706 - acc: 0.9896 - val_loss: 0.8377 - val_acc: 0.7893
Epoch 49/100
 - 37s - loss: 0.0575 - acc: 0.9898 - val_loss: 11.1485 - val_acc: 0.1769
Epoch 50/100
 - 37s - loss: 0.0635 - acc: 0.9904 - val_loss: 2.1261 - val_acc: 0.5600
Epoch 51/100
 - 37s - loss: 0.0628 - acc: 0.9898 - val_loss: 6.8221 - val_acc: 0.2080
Epoch 52/100
 - 38s - loss: 0.0706 - acc: 0.9891 - val_loss: 13.7535 - val_acc: 0.0973
Epoch 53/100
 - 37s - loss: 0.0624 - acc: 0.9898 - val_loss: 13.5011 - val_acc: 0.0884
Epoch 54/100
 - 37s - loss: 0.0593 - acc: 0.9904 - val_loss: 6.2057 - val_acc: 0.3427
Epoch 55/100
 - 37s - loss: 0.0556 - acc: 0.9929 - val_loss: 6.6577 - val_acc: 0.2516
Epoch 56/100
 - 37s - loss: 0.0534 - acc: 0.9929 - val_loss: 8.2859 - val_acc: 0.2311
Epoch 57/100
 - 37s - loss: 0.0527 - acc: 0.9933 - val_loss: 13.4922 - val_acc: 0.0773
Epoch 58/100
 - 37s - loss: 0.0728 - acc: 0.9884 - val_loss: 5.6910 - val_acc: 0.3609
Epoch 59/100
 - 37s - loss: 0.0631 - acc: 0.9916 - val_loss: 6.5466 - val_acc: 0.3076
Epoch 60/100
 - 37s - loss: 0.0590 - acc: 0.9920 - val_loss: 6.1505 - val_acc: 0.3520
Epoch 61/100
 - 37s - loss: 0.0514 - acc: 0.9918 - val_loss: 13.1709 - val_acc: 0.1062
Epoch 62/100
 - 37s - loss: 0.0646 - acc: 0.9898 - val_loss: 10.3741 - val_acc: 0.1467
Epoch 63/100
 - 37s - loss: 0.0543 - acc: 0.9920 - val_loss: 4.9965 - val_acc: 0.3751
Epoch 64/100
 - 37s - loss: 0.0697 - acc: 0.9869 - val_loss: 6.1343 - val_acc: 0.3853
Epoch 65/100
 - 37s - loss: 0.0489 - acc: 0.9933 - val_loss: 8.0118 - val_acc: 0.2449
Epoch 66/100
 - 37s - loss: 0.0550 - acc: 0.9913 - val_loss: 1.0501 - val_acc: 0.7573
Epoch 67/100
 - 38s - loss: 0.0673 - acc: 0.9878 - val_loss: 15.8562 - val_acc: 0.0120
